<?xml version="1.0" encoding="utf-8"?><testsuites name="pytest tests"><testsuite name="pytest" errors="0" failures="0" skipped="0" tests="2030" time="253.700" timestamp="2026-09-03T23:21:56.250021+08:00" hostname="LAPTOP-QJV0DPJ0"><testcase classname="Core.QCFP_MTF.tests.test_ablation.test_formal_ablation_authority" name="test_single_formal_authority" time="0.005" /><testcase classname="Core.QCFP_MTF.tests.test_ablation.test_incremental_alpha" name="test_incremental_alpha_positive" time="0.001" /><testcase classname="Core.QCFP_MTF.tests.test_ablation.test_incremental_alpha" name="test_incremental_alpha_detrimental" time="0.001" /><testcase classname="Core.QCFP_MTF.tests.test_ablation.test_incremental_alpha" name="test_causal_attribution_84" time="0.001" /><testcase classname="Core.QCFP_MTF.tests.test_ablation.test_matrix" name="test_ablation_matrix" time="0.003" /><testcase classname="Core.QCFP_MTF.tests.test_ablation.test_matrix" name="test_incremental_check" time="0.003" /><testcase classname="Core.QCFP_MTF.tests.test_ablation.test_matrix" name="test_matrix_to_md" time="0.002" /><testcase classname="Core.QCFP_MTF.tests.test_ablation.test_paired_ablation" name="test_paired_ablation_keep" time="0.023" /><testcase classname="Core.QCFP_MTF.tests.test_ablation.test_paired_ablation" name="test_paired_ablation_drop" time="0.015" /><testcase classname="Core.QCFP_MTF.tests.test_ablation.test_paired_ablation" name="test_paired_ablation_regime_stratification" time="0.016" /><testcase classname="Core.QCFP_MTF.tests.test_ablation.test_paired_ablation_fix" name="test_paired_ablation_non_multiple_block_size" time="0.014" /><testcase classname="Core.QCFP_MTF.tests.test_ablation.test_paired_ablation_fix" name="test_paired_ablation_null_distribution_valid" time="0.015" /><testcase classname="Core.QCFP_MTF.tests.test_ablation.test_paired_ablation_fix" name="test_variant_metrics_compounded_cagr" time="0.001" /><testcase classname="Core.QCFP_MTF.tests.test_ablation.test_portfolio_counterfactual" name="test_variant_metrics" time="0.001" /><testcase classname="Core.QCFP_MTF.tests.test_ablation.test_portfolio_counterfactual" name="test_portfolio_counterfactual" time="0.002" /><testcase classname="Core.QCFP_MTF.tests.test_ablation.test_portfolio_counterfactual" name="test_counterfactual_to_md" time="0.002" /><testcase classname="Core.QCFP_MTF.tests.test_ablation.test_research_registry" name="test_register_research_full" time="0.052" /><testcase classname="Core.QCFP_MTF.tests.test_ablation.test_research_registry" name="test_assert_registered_enforcement" time="0.001" /><testcase classname="Core.QCFP_MTF.tests.test_ablation.test_research_registry" name="test_existing_register_compat" time="0.001" /><testcase classname="Core.QCFP_MTF.tests.test_ablation.test_research_registry" name="test_register_research_full_36" time="0.001" /><testcase classname="Core.QCFP_MTF.tests.test_ablation.test_research_registry" name="test_holdout_lock_37" time="0.001" /><testcase classname="Core.QCFP_MTF.tests.test_ablation.test_statistical" name="test_statistical_validation_significant" time="0.069" /><testcase classname="Core.QCFP_MTF.tests.test_ablation.test_statistical" name="test_statistical_validation_not_significant" time="0.072" /><testcase classname="Core.QCFP_MTF.tests.test_ablation.test_statistical" name="test_multiple_testing_alpha_shrink" time="0.129" /><testcase classname="Core.QCFP_MTF.tests.test_ablation.test_statistical" name="test_experiment_registry" time="0.060" /><testcase classname="Core.QCFP_MTF.tests.test_ablation.test_statistical" name="test_registry_bias_warning" time="0.002" /><testcase classname="Core.QCFP_MTF.tests.test_ablation.test_statistical" name="test_validation_to_md" time="0.064" /><testcase classname="Core.QCFP_MTF.tests.test_alpha.test_correlation" name="test_independent_signals" time="0.004" /><testcase classname="Core.QCFP_MTF.tests.test_alpha.test_correlation" name="test_duplicate_signals_detected" time="0.001" /><testcase classname="Core.QCFP_MTF.tests.test_alpha.test_correlation" name="test_alpha_correlation_report" time="0.002" /><testcase classname="Core.QCFP_MTF.tests.test_alpha.test_halflife" name="test_half_life_computation" time="0.002" /><testcase classname="Core.QCFP_MTF.tests.test_alpha.test_halflife" name="test_alpha_weight_decay" time="0.002" /><testcase classname="Core.QCFP_MTF.tests.test_alpha.test_halflife" name="test_no_decay_full_weight" time="0.001" /><testcase classname="Core.QCFP_MTF.tests.test_alpha.test_registry" name="test_registry_basic" time="0.001" /><testcase classname="Core.QCFP_MTF.tests.test_alpha.test_registry" name="test_shared_dependency_detected" time="0.001" /><testcase classname="Core.QCFP_MTF.tests.test_backtest.test_asof" name="test_structural_asof_uses_available_not_period_end" time="0.015" /><testcase classname="Core.QCFP_MTF.tests.test_backtest.test_asof" name="test_chip_lookahead" time="0.012" /><testcase classname="Core.QCFP_MTF.tests.test_backtest.test_asof" name="test_cbi_normalization_no_lookahead" time="0.823" /><testcase classname="Core.QCFP_MTF.tests.test_backtest.test_asof" name="test_portfolio_accounting_equal_weight" time="0.054" /><testcase classname="Core.QCFP_MTF.tests.test_backtest.test_asof" name="test_cost_direction" time="0.001" /><testcase classname="Core.QCFP_MTF.tests.test_backtest.test_asof" name="test_calibration_weight_normalized" time="0.001" /><testcase classname="Core.QCFP_MTF.tests.test_backtest.test_asof" name="test_cross_sectional_time_alignment" time="0.062" /><testcase classname="Core.QCFP_MTF.tests.test_backtest.test_asof" name="test_pit_latest_rules" time="0.009" /><testcase classname="Core.QCFP_MTF.tests.test_backtest.test_calibration" name="test_run_grid_small" time="0.344" /><testcase classname="Core.QCFP_MTF.tests.test_backtest.test_canonical" name="test_canonical_replay_matches_engine" time="0.032" /><testcase classname="Core.QCFP_MTF.tests.test_backtest.test_canonical" name="test_retail_utility_score" time="0.003" /><testcase classname="Core.QCFP_MTF.tests.test_backtest.test_canonical" name="test_portfolio_constraints" time="0.011" /><testcase classname="Core.QCFP_MTF.tests.test_backtest.test_canonical" name="test_execution_cost_multiplier" time="0.005" /><testcase classname="Core.QCFP_MTF.tests.test_backtest.test_canonical_provenance" name="test_formal_mode_rejects_non_canonical" time="0.003" /><testcase classname="Core.QCFP_MTF.tests.test_backtest.test_canonical_provenance" name="test_research_mode_warns_but_runs" time="0.028" /><testcase classname="Core.QCFP_MTF.tests.test_backtest.test_canonical_provenance" name="test_canonical_target_used" time="0.024" /><testcase classname="Core.QCFP_MTF.tests.test_backtest.test_canonical_runs" name="test_canonical_backtest_provenance" time="0.198" /><testcase classname="Core.QCFP_MTF.tests.test_backtest.test_canonical_runs" name="test_canonical_oos_split" time="0.206" /><testcase classname="Core.QCFP_MTF.tests.test_backtest.test_canonical_runs" name="test_canonical_ablation_and_stress" time="0.322" /><testcase classname="Core.QCFP_MTF.tests.test_backtest.test_canonical_runs" name="test_legacy_comparator_shadow_only" time="0.156" /><testcase classname="Core.QCFP_MTF.tests.test_backtest.test_cost_breakeven" name="test_breakeven_detects_failure" time="0.001" /><testcase classname="Core.QCFP_MTF.tests.test_backtest.test_cost_breakeven" name="test_breakeven_robust" time="0.001" /><testcase classname="Core.QCFP_MTF.tests.test_backtest.test_data_pipeline" name="test_available_date_alignment" time="0.087" /><testcase classname="Core.QCFP_MTF.tests.test_backtest.test_data_pipeline" name="test_timeline_columns" time="0.077" /><testcase classname="Core.QCFP_MTF.tests.test_backtest.test_engine" name="test_position_shift_and_pnl" time="0.025" /><testcase classname="Core.QCFP_MTF.tests.test_backtest.test_engine" name="test_trailing_stop_exits_override_run" time="0.032" /><testcase classname="Core.QCFP_MTF.tests.test_backtest.test_engine" name="test_trend_survival_widens_holding_stop" time="0.031" /><testcase classname="Core.QCFP_MTF.tests.test_backtest.test_engine_smoke" name="test_backtest_dry_run" time="7.040" /><testcase classname="Core.QCFP_MTF.tests.test_backtest.test_evidence_authority" name="test_signal_timeline_marked_shadow_only" time="0.077" /><testcase classname="Core.QCFP_MTF.tests.test_backtest.test_evidence_authority" name="test_evidence_timeline_has_no_decision_authority" time="0.079" /><testcase classname="Core.QCFP_MTF.tests.test_backtest.test_evidence_authority" name="test_assert_rejects_unmarked_decision_cols" time="0.003" /><testcase classname="Core.QCFP_MTF.tests.test_backtest.test_execution_simulator" name="test_scenarios_scale_costs_and_fill" time="0.004" /><testcase classname="Core.QCFP_MTF.tests.test_backtest.test_execution_simulator" name="test_liquidity_and_fill" time="0.002" /><testcase classname="Core.QCFP_MTF.tests.test_backtest.test_execution_simulator" name="test_drift_detection" time="0.002" /><testcase classname="Core.QCFP_MTF.tests.test_backtest.test_execution_simulator" name="test_false_exit_and_whipsaw" time="0.026" /><testcase classname="Core.QCFP_MTF.tests.test_backtest.test_execution_simulator" name="test_state_forward_stats" time="0.063" /><testcase classname="Core.QCFP_MTF.tests.test_backtest.test_execution_simulator" name="test_trade_ledger_builds_trades" time="0.017" /><testcase classname="Core.QCFP_MTF.tests.test_backtest.test_execution_simulator" name="test_marginal_utility_matrix" time="0.002" /><testcase classname="Core.QCFP_MTF.tests.test_backtest.test_execution_simulator" name="test_permutation_and_timeshift_ablation" time="0.223" /><testcase classname="Core.QCFP_MTF.tests.test_backtest.test_execution_simulator" name="test_portfolio_governance_risk_budget_and_cash" time="0.018" /><testcase classname="Core.QCFP_MTF.tests.test_backtest.test_execution_simulator" name="test_drift_report_multidim" time="0.001" /><testcase classname="Core.QCFP_MTF.tests.test_backtest.test_execution_simulator" name="test_complexity_budget" time="0.001" /><testcase classname="Core.QCFP_MTF.tests.test_backtest.test_execution_simulator" name="test_benchmark_targets_built" time="0.052" /><testcase classname="Core.QCFP_MTF.tests.test_backtest.test_execution_simulator" name="test_failure_mode_database" time="0.003" /><testcase classname="Core.QCFP_MTF.tests.test_backtest.test_execution_simulator" name="test_cost_scenarios_c0_c3" time="0.003" /><testcase classname="Core.QCFP_MTF.tests.test_backtest.test_execution_simulator" name="test_capacity_model" time="0.002" /><testcase classname="Core.QCFP_MTF.tests.test_backtest.test_execution_simulator" name="test_fsm_transition_matrix" time="0.012" /><testcase classname="Core.QCFP_MTF.tests.test_backtest.test_financial_invariants" name="test_stop_loss_flat_after_exit" time="0.029" /><testcase classname="Core.QCFP_MTF.tests.test_backtest.test_financial_invariants" name="test_missing_return_never_becomes_zero" time="0.021" /><testcase classname="Core.QCFP_MTF.tests.test_backtest.test_financial_invariants" name="test_missing_return_never_changes_denominator" time="0.025" /><testcase classname="Core.QCFP_MTF.tests.test_backtest.test_financial_invariants" name="test_universe_overlap_detected" time="0.002" /><testcase classname="Core.QCFP_MTF.tests.test_backtest.test_financial_invariants" name="test_validation_mode_requires_universe" time="0.001" /><testcase classname="Core.QCFP_MTF.tests.test_backtest.test_formal_stress_canonical_only" name="test_cost_stress_uses_canonical_api" time="0.001" /><testcase classname="Core.QCFP_MTF.tests.test_backtest.test_invariants" name="test_pit_invariant" time="0.086" /><testcase classname="Core.QCFP_MTF.tests.test_backtest.test_invariants" name="test_position_invariant" time="0.116" /><testcase classname="Core.QCFP_MTF.tests.test_backtest.test_invariants" name="test_cost_conservation" time="0.146" /><testcase classname="Core.QCFP_MTF.tests.test_backtest.test_invariants" name="test_benchmark_independence" time="0.016" /><testcase classname="Core.QCFP_MTF.tests.test_backtest.test_lookahead_filter" name="test_validate" time="0.003" /><testcase classname="Core.QCFP_MTF.tests.test_backtest.test_lookahead_filter" name="test_filter" time="0.004" /><testcase classname="Core.QCFP_MTF.tests.test_backtest.test_lookahead_filter" name="test_assert_raises" time="0.004" /><testcase classname="Core.QCFP_MTF.tests.test_backtest.test_lookahead_filter" name="test_assert_ok_after_filter" time="0.002" /><testcase classname="Core.QCFP_MTF.tests.test_backtest.test_oos_summary" name="test_oos_summary_consistent" time="0.002" /><testcase classname="Core.QCFP_MTF.tests.test_backtest.test_oos_summary" name="test_oos_summary_inconsistent" time="0.003" /><testcase classname="Core.QCFP_MTF.tests.test_backtest.test_parameter_stability" name="test_stable_plateau" time="0.005" /><testcase classname="Core.QCFP_MTF.tests.test_backtest.test_parameter_stability" name="test_peaky_suspect" time="0.001" /><testcase classname="Core.QCFP_MTF.tests.test_backtest.test_performance" name="test_evaluate_structure" time="0.002" /><testcase classname="Core.QCFP_MTF.tests.test_backtest.test_performance" name="test_sharpe_positive_for_uptrend" time="0.003" /><testcase classname="Core.QCFP_MTF.tests.test_backtest.test_performance" name="test_empty" time="0.002" /><testcase classname="Core.QCFP_MTF.tests.test_backtest.test_performance" name="test_by_year" time="0.011" /><testcase classname="Core.QCFP_MTF.tests.test_backtest.test_research_gate" name="test_research_gate_all_pass_with_pit_ab" time="0.001" /><testcase classname="Core.QCFP_MTF.tests.test_backtest.test_research_gate" name="test_research_gate_pit_c_is_conditional" time="0.001" /><testcase classname="Core.QCFP_MTF.tests.test_backtest.test_research_gate" name="test_research_gate_fail_on_negative_sharpe" time="0.001" /><testcase classname="Core.QCFP_MTF.tests.test_backtest.test_research_gate" name="test_disclosure_override_applies_real_dates" time="0.011" /><testcase classname="Core.QCFP_MTF.tests.test_backtest.test_retail_utility" name="test_holding_efficiency" time="0.001" /><testcase classname="Core.QCFP_MTF.tests.test_backtest.test_retail_utility" name="test_holding_efficiency_zero_days" time="0.001" /><testcase classname="Core.QCFP_MTF.tests.test_backtest.test_wave_capture" name="test_find_waves" time="0.008" /><testcase classname="Core.QCFP_MTF.tests.test_backtest.test_wave_capture" name="test_wave_capture_metrics" time="0.192" /><testcase classname="Core.QCFP_MTF.tests.test_backtest.test_wave_capture" name="test_false_entry_rate" time="0.090" /><testcase classname="Core.QCFP_MTF.tests.test_behavioral.test_cbi" name="test_cbi_range_and_state" time="0.081" /><testcase classname="Core.QCFP_MTF.tests.test_behavioral.test_cbi" name="test_turbulent_low_cbi" time="0.418" /><testcase classname="Core.QCFP_MTF.tests.test_behavioral.test_cost_position" name="test_advantage" time="0.032" /><testcase classname="Core.QCFP_MTF.tests.test_behavioral.test_cost_position" name="test_disadvantage" time="0.038" /><testcase classname="Core.QCFP_MTF.tests.test_behavioral.test_cost_position" name="test_neutral" time="0.032" /><testcase classname="Core.QCFP_MTF.tests.test_behavioral.test_engine_smoke" name="test_factors_for_00700" time="0.695" /><testcase classname="Core.QCFP_MTF.tests.test_behavioral.test_engine_smoke" name="test_engine_dry_run" time="0.774" /><testcase classname="Core.QCFP_MTF.tests.test_behavioral.test_monthly_stage" name="test_improving" time="0.003" /><testcase classname="Core.QCFP_MTF.tests.test_behavioral.test_monthly_stage" name="test_improving_blocked_by_extreme_t" time="0.004" /><testcase classname="Core.QCFP_MTF.tests.test_behavioral.test_monthly_stage" name="test_stable" time="0.002" /><testcase classname="Core.QCFP_MTF.tests.test_behavioral.test_monthly_stage" name="test_deteriorating" time="0.003" /><testcase classname="Core.QCFP_MTF.tests.test_behavioral.test_monthly_stage" name="test_missing" time="0.002" /><testcase classname="Core.QCFP_MTF.tests.test_behavioral.test_turnover_factors" name="test_extreme_turnover_t5" time="0.019" /><testcase classname="Core.QCFP_MTF.tests.test_behavioral.test_turnover_factors" name="test_low_turnover_t1" time="0.021" /><testcase classname="Core.QCFP_MTF.tests.test_behavioral.test_turnover_factors" name="test_zero_turnover_nan" time="0.014" /><testcase classname="Core.QCFP_MTF.tests.test_behavioral.test_turnover_factors" name="test_ma_ratio" time="0.013" /><testcase classname="Core.QCFP_MTF.tests.test_behavioral.test_volume_factors" name="test_volume_accel_lag3" time="0.015" /><testcase classname="Core.QCFP_MTF.tests.test_behavioral.test_volume_factors" name="test_volume_direction" time="0.015" /><testcase classname="Core.QCFP_MTF.tests.test_behavioral.test_volume_factors" name="test_strong_volume_direction" time="0.015" /><testcase classname="Core.QCFP_MTF.tests.test_behavioral.test_vp_matrix" name="test_all_regimes" time="0.120" /><testcase classname="Core.QCFP_MTF.tests.test_behavioral.test_vp_matrix" name="test_missing_direction" time="0.012" /><testcase classname="Core.QCFP_MTF.tests.test_calendar" name="test_week_end" time="0.002" /><testcase classname="Core.QCFP_MTF.tests.test_calendar" name="test_month_end" time="0.001" /><testcase classname="Core.QCFP_MTF.tests.test_calendar" name="test_quarter_end" time="0.002" /><testcase classname="Core.QCFP_MTF.tests.test_calendar" name="test_period_label" time="0.001" /><testcase classname="Core.QCFP_MTF.tests.test_calendar" name="test_split_periods" time="0.001" /><testcase classname="Core.QCFP_MTF.tests.test_calendar" name="test_prev_next" time="0.001" /><testcase classname="Core.QCFP_MTF.tests.test_config.test_decision_critical_config" name="test_valid_config_normal" time="0.003" /><testcase classname="Core.QCFP_MTF.tests.test_config.test_decision_critical_config" name="test_missing_critical_param_safe_mode" time="0.001" /><testcase classname="Core.QCFP_MTF.tests.test_config.test_decision_critical_config" name="test_hidden_default_count" time="0.001" /><testcase classname="Core.QCFP_MTF.tests.test_config.test_governance" name="test_valid_config" time="0.001" /><testcase classname="Core.QCFP_MTF.tests.test_config.test_governance" name="test_missing_critical_invalid" time="0.001" /><testcase classname="Core.QCFP_MTF.tests.test_config.test_governance" name="test_param_classification" time="0.001" /><testcase classname="Core.QCFP_MTF.tests.test_data.test_asof_contract" name="test_asof_valid" time="0.001" /><testcase classname="Core.QCFP_MTF.tests.test_data.test_asof_contract" name="test_pit_violation" time="0.002" /><testcase classname="Core.QCFP_MTF.tests.test_data.test_asof_contract" name="test_time_roles" time="0.001" /><testcase classname="Core.QCFP_MTF.tests.test_data.test_asof_time_completeness" name="test_evidence_time_completeness_ok" time="0.001" /><testcase classname="Core.QCFP_MTF.tests.test_data.test_asof_time_completeness" name="test_evidence_time_missing_fields" time="0.001" /><testcase classname="Core.QCFP_MTF.tests.test_data.test_asof_time_completeness" name="test_evidence_available_after_decision_invalid" time="0.001" /><testcase classname="Core.QCFP_MTF.tests.test_data.test_asof_time_completeness" name="test_asof_contract_causal_order" time="0.001" /><testcase classname="Core.QCFP_MTF.tests.test_data.test_feature_contract" name="test_decision_feature_allowed" time="0.001" /><testcase classname="Core.QCFP_MTF.tests.test_data.test_feature_contract" name="test_future_feature_blocked_in_decision" time="0.001" /><testcase classname="Core.QCFP_MTF.tests.test_data.test_feature_contract" name="test_missing_policy_reject" time="0.001" /><testcase classname="Core.QCFP_MTF.tests.test_data.test_feature_contract" name="test_range_check" time="0.001" /><testcase classname="Core.QCFP_MTF.tests.test_data.test_feature_contract" name="test_evidence_batch_validation" time="0.001" /><testcase classname="Core.QCFP_MTF.tests.test_data.test_feature_registry" name="test_feature_registry" time="0.001" /><testcase classname="Core.QCFP_MTF.tests.test_data.test_feature_registry" name="test_feature_registry_report" time="0.001" /><testcase classname="Core.QCFP_MTF.tests.test_data.test_lineage" name="test_build_lineage_chain" time="0.001" /><testcase classname="Core.QCFP_MTF.tests.test_data.test_lineage" name="test_lineage_hash_deterministic" time="0.001" /><testcase classname="Core.QCFP_MTF.tests.test_data.test_lineage" name="test_lineage_to_md" time="0.001" /><testcase classname="Core.QCFP_MTF.tests.test_data.test_lineage" name="test_feature_lineage_42" time="0.001" /><testcase classname="Core.QCFP_MTF.tests.test_data.test_pit_registry" name="test_registry_stocks_known_at" time="0.001" /><testcase classname="Core.QCFP_MTF.tests.test_data.test_pit_registry" name="test_snapshot_hash" time="0.001" /><testcase classname="Core.QCFP_MTF.tests.test_data.test_pit_registry" name="test_pit_integrity_score" time="0.001" /><testcase classname="Core.QCFP_MTF.tests.test_data.test_quality_gate" name="test_gate_pass" time="0.001" /><testcase classname="Core.QCFP_MTF.tests.test_data.test_quality_gate" name="test_gate_empty_unknown_fail_closed" time="0.001" /><testcase classname="Core.QCFP_MTF.tests.test_data.test_quality_gate" name="test_gate_degraded" time="0.001" /><testcase classname="Core.QCFP_MTF.tests.test_data.test_quality_gate" name="test_gate_block" time="0.002" /><testcase classname="Core.QCFP_MTF.tests.test_data.test_quality_gate" name="test_engine_hard_quality_gate" time="0.004" /><testcase classname="Core.QCFP_MTF.tests.test_data.test_quality_gate" name="test_data_health_score_11" time="0.001" /><testcase classname="Core.QCFP_MTF.tests.test_data.test_quality_gate" name="test_data_health_band" time="0.001" /><testcase classname="Core.QCFP_MTF.tests.test_data.test_quality_gate" name="test_data_health_critical_hard_block" time="0.001" /><testcase classname="Core.QCFP_MTF.tests.test_data.test_quality_gate" name="test_evidence_quality_contract_22" time="0.001" /><testcase classname="Core.QCFP_MTF.tests.test_data.test_quality_gate_fail_closed" name="test_empty_unknown" time="0.001" /><testcase classname="Core.QCFP_MTF.tests.test_data.test_quality_gate_fail_closed" name="test_critical_missing_unknown" time="0.001" /><testcase classname="Core.QCFP_MTF.tests.test_data.test_quality_gate_fail_closed" name="test_critical_none_unknown" time="0.001" /><testcase classname="Core.QCFP_MTF.tests.test_data.test_quality_gate_fail_closed" name="test_all_explicit_pass" time="0.001" /><testcase classname="Core.QCFP_MTF.tests.test_data.test_quality_gate_fail_closed" name="test_critical_anomaly_block" time="0.001" /><testcase classname="Core.QCFP_MTF.tests.test_data.test_quality_gate_fail_closed" name="test_noncritical_anomaly_degraded" time="0.001" /><testcase classname="Core.QCFP_MTF.tests.test_data.test_quality_gate_fail_closed" name="test_critical_checks_defined" time="0.002" /><testcase classname="Core.QCFP_MTF.tests.test_data.test_tradability" name="test_normal" time="0.001" /><testcase classname="Core.QCFP_MTF.tests.test_data.test_tradability" name="test_suspended_blocked" time="0.001" /><testcase classname="Core.QCFP_MTF.tests.test_data.test_tradability" name="test_low_adv_no_liquidity" time="0.001" /><testcase classname="Core.QCFP_MTF.tests.test_data.test_tradability" name="test_corporate_action_scaled" time="0.001" /><testcase classname="Core.QCFP_MTF.tests.test_data.test_tradability_authority" name="test_single_authority_states" time="0.001" /><testcase classname="Core.QCFP_MTF.tests.test_data.test_tradability_authority" name="test_authority_never_increases" time="0.001" /><testcase classname="Core.QCFP_MTF.tests.test_data.test_tradability_authority" name="test_status_uses_authority" time="0.001" /><testcase classname="Core.QCFP_MTF.tests.test_data.test_tradability_hard_gate" name="test_delisting_blocks" time="0.001" /><testcase classname="Core.QCFP_MTF.tests.test_data.test_tradability_hard_gate" name="test_not_tradable_blocks" time="0.001" /><testcase classname="Core.QCFP_MTF.tests.test_data.test_tradability_hard_gate" name="test_corporate_action_reduces_not_raises" time="0.001" /><testcase classname="Core.QCFP_MTF.tests.test_data.test_tradability_hard_gate" name="test_normal_full_execution" time="0.001" /><testcase classname="Core.QCFP_MTF.tests.test_data.test_trading_session_contract" name="test_after_close_requires_next_session" time="0.001" /><testcase classname="Core.QCFP_MTF.tests.test_data.test_trading_session_contract" name="test_continuous_session_executable_same_day" time="0.001" /><testcase classname="Core.QCFP_MTF.tests.test_data.test_trading_session_contract" name="test_execution_resolution_inconsistent" time="0.001" /><testcase classname="Core.QCFP_MTF.tests.test_data.test_trading_session_contract" name="test_sessions_defined" time="0.002" /><testcase classname="Core.QCFP_MTF.tests.test_data.test_universe_investability" name="test_investability_states" time="0.001" /><testcase classname="Core.QCFP_MTF.tests.test_data.test_universe_investability" name="test_snapshot_includes_investability" time="0.001" /><testcase classname="Core.QCFP_MTF.tests.test_data.test_universe_snapshot" name="test_universe_snapshot" time="0.001" /><testcase classname="Core.QCFP_MTF.tests.test_data.test_universe_snapshot_v2" name="test_universe_includes_delisted_at_2022" time="0.001" /><testcase classname="Core.QCFP_MTF.tests.test_data.test_universe_snapshot_v2" name="test_universe_excludes_delisted_after" time="0.001" /><testcase classname="Core.QCFP_MTF.tests.test_data.test_universe_snapshot_v2" name="test_tradability_fields_preserved" time="0.001" /><testcase classname="Core.QCFP_MTF.tests.test_decision.test_00371_downtrend_exit" name="test_alignment_breakdown_now_warns" time="0.002" /><testcase classname="Core.QCFP_MTF.tests.test_decision.test_00371_downtrend_exit" name="test_00371_first_breakdown_derisk" time="0.055" /><testcase classname="Core.QCFP_MTF.tests.test_decision.test_00371_downtrend_exit" name="test_00371_late_downtrend_risk_not_relaxed" time="0.045" /><testcase classname="Core.QCFP_MTF.tests.test_decision.test_2dot2_engines" name="test_hard_exit" time="0.002" /><testcase classname="Core.QCFP_MTF.tests.test_decision.test_2dot2_engines" name="test_swing_setup" time="0.004" /><testcase classname="Core.QCFP_MTF.tests.test_decision.test_2dot2_engines" name="test_position_sizing_additive" time="0.001" /><testcase classname="Core.QCFP_MTF.tests.test_decision.test_2dot2_engines" name="test_integration_cases" time="0.004" /><testcase classname="Core.QCFP_MTF.tests.test_decision.test_2dot2_engines" name="test_permission_downgrade_trims_holding" time="0.004" /><testcase classname="Core.QCFP_MTF.tests.test_decision.test_2dot2_engines" name="test_no_bypass_matrix" time="0.002" /><testcase classname="Core.QCFP_MTF.tests.test_decision.test_2dot2_engines" name="test_permission_fsm_matrix_exhaustive" time="0.005" /><testcase classname="Core.QCFP_MTF.tests.test_decision.test_2dot2_engines" name="test_full_state_matrix_coverage" time="0.002" /><testcase classname="Core.QCFP_MTF.tests.test_decision.test_2dot2_engines" name="test_matrix_is_base_transition" time="0.002" /><testcase classname="Core.QCFP_MTF.tests.test_decision.test_2dot2_engines" name="test_fsm_timeline_cross_stock_isolation" time="0.007" /><testcase classname="Core.QCFP_MTF.tests.test_decision.test_2dot2_engines" name="test_hard_exit_covers_building_holding" time="0.001" /><testcase classname="Core.QCFP_MTF.tests.test_decision.test_2dot2_engines" name="test_exit_event_kinds" time="0.001" /><testcase classname="Core.QCFP_MTF.tests.test_decision.test_2dot2_engines" name="test_permission_cap_and_assert" time="0.002" /><testcase classname="Core.QCFP_MTF.tests.test_decision.test_2dot2_engines" name="test_permission_monotonicity" time="0.005" /><testcase classname="Core.QCFP_MTF.tests.test_decision.test_2dot2_engines" name="test_position_ownership" time="0.001" /><testcase classname="Core.QCFP_MTF.tests.test_decision.test_2dot2_engines" name="test_decision_snapshot_deterministic" time="0.013" /><testcase classname="Core.QCFP_MTF.tests.test_decision.test_2dot2_engines" name="test_ablation_a3_removes_des_hard_exit" time="0.002" /><testcase classname="Core.QCFP_MTF.tests.test_decision.test_2dot2_engines" name="test_ablation_exit_filter" time="0.006" /><testcase classname="Core.QCFP_MTF.tests.test_decision.test_2dot2_engines" name="test_exit_event_single_source" time="0.002" /><testcase classname="Core.QCFP_MTF.tests.test_decision.test_2dot2_engines" name="test_permission_risk_increase_invariant" time="0.038" /><testcase classname="Core.QCFP_MTF.tests.test_decision.test_2dot2_engines" name="test_report_snapshot_consistency" time="1.660" /><testcase classname="Core.QCFP_MTF.tests.test_decision.test_2dot2_engines" name="test_state_position_consistency" time="0.007" /><testcase classname="Core.QCFP_MTF.tests.test_decision.test_abstain" name="test_all_ok_is_hold" time="0.001" /><testcase classname="Core.QCFP_MTF.tests.test_decision.test_abstain" name="test_pit_unknown_is_no_decision" time="0.001" /><testcase classname="Core.QCFP_MTF.tests.test_decision.test_abstain" name="test_multiple_missing_reasons" time="0.002" /><testcase classname="Core.QCFP_MTF.tests.test_decision.test_abstain" name="test_certificate_missing_abstains" time="0.001" /><testcase classname="Core.QCFP_MTF.tests.test_decision.test_abstain_semantics" name="test_four_distinct_semantics" time="0.002" /><testcase classname="Core.QCFP_MTF.tests.test_decision.test_abstain_semantics" name="test_unknown_status" time="0.001" /><testcase classname="Core.QCFP_MTF.tests.test_decision.test_abstain_semantics" name="test_pit_unknown_not_hold" time="0.001" /><testcase classname="Core.QCFP_MTF.tests.test_decision.test_abstain_semantics" name="test_normal_reason_can_be_hold" time="0.001" /><testcase classname="Core.QCFP_MTF.tests.test_decision.test_action_generator" name="test_base_mapping" time="0.002" /><testcase classname="Core.QCFP_MTF.tests.test_decision.test_action_generator" name="test_bearish_gate_blocks_buy" time="0.001" /><testcase classname="Core.QCFP_MTF.tests.test_decision.test_action_generator" name="test_bullish_gate_blocks_exit" time="0.002" /><testcase classname="Core.QCFP_MTF.tests.test_decision.test_action_generator" name="test_extreme_forces_wait" time="0.002" /><testcase classname="Core.QCFP_MTF.tests.test_decision.test_action_generator" name="test_insufficient_wait" time="0.001" /><testcase classname="Core.QCFP_MTF.tests.test_decision.test_binding_constraint" name="test_binding_constraint_identifies_cap" time="0.002" /><testcase classname="Core.QCFP_MTF.tests.test_decision.test_binding_constraint" name="test_finalize_target_binding" time="0.002" /><testcase classname="Core.QCFP_MTF.tests.test_decision.test_boundary_test" name="test_boundary_suite_passes" time="0.001" /><testcase classname="Core.QCFP_MTF.tests.test_decision.test_boundary_test" name="test_boundary_cases_cover_no_override" time="0.002" /><testcase classname="Core.QCFP_MTF.tests.test_decision.test_canonical_action_invariant" name="test_action_derivation" time="0.001" /><testcase classname="Core.QCFP_MTF.tests.test_decision.test_canonical_action_invariant" name="test_invariant_pass" time="0.001" /><testcase classname="Core.QCFP_MTF.tests.test_decision.test_canonical_action_invariant" name="test_invariant_fail_blocks" time="0.001" /><testcase classname="Core.QCFP_MTF.tests.test_decision.test_caps_unknown_degrades" name="test_production_missing_required_no_new_risk" time="0.001" /><testcase classname="Core.QCFP_MTF.tests.test_decision.test_caps_unknown_degrades" name="test_production_all_caps_normal" time="0.001" /><testcase classname="Core.QCFP_MTF.tests.test_decision.test_caps_unknown_degrades" name="test_exploration_assumed_non_certifiable" time="0.001" /><testcase classname="Core.QCFP_MTF.tests.test_decision.test_catalyst_quality" name="test_high_quality_reversal" time="0.002" /><testcase classname="Core.QCFP_MTF.tests.test_decision.test_catalyst_quality" name="test_neutral" time="0.002" /><testcase classname="Core.QCFP_MTF.tests.test_decision.test_catalyst_quality" name="test_pure_pulse" time="0.001" /><testcase classname="Core.QCFP_MTF.tests.test_decision.test_catalyst_quality" name="test_bounds" time="0.002" /><testcase classname="Core.QCFP_MTF.tests.test_decision.test_certified_decision" name="test_certified_when_all_ok" time="0.002" /><testcase classname="Core.QCFP_MTF.tests.test_decision.test_certified_decision" name="test_refused_on_any_gate_failure" time="0.001" /><testcase classname="Core.QCFP_MTF.tests.test_decision.test_certified_decision" name="test_refused_on_safety_or_acceptance" time="0.001" /><testcase classname="Core.QCFP_MTF.tests.test_decision.test_certified_decision" name="test_refused_without_evidence_pack" time="0.004" /><testcase classname="Core.QCFP_MTF.tests.test_decision.test_certified_decision" name="test_refused_on_release_mismatch" time="0.003" /><testcase classname="Core.QCFP_MTF.tests.test_decision.test_certified_decision" name="test_execute_rejects_bare_snapshot" time="0.001" /><testcase classname="Core.QCFP_MTF.tests.test_decision.test_certified_decision" name="test_execute_accepts_certified" time="0.006" /><testcase classname="Core.QCFP_MTF.tests.test_decision.test_certify_fail_closed" name="test_no_evidence_refused" time="0.002" /><testcase classname="Core.QCFP_MTF.tests.test_decision.test_certify_fail_closed" name="test_missing_pit_refused" time="0.002" /><testcase classname="Core.QCFP_MTF.tests.test_decision.test_certify_fail_closed" name="test_replay_unknown_refused" time="0.002" /><testcase classname="Core.QCFP_MTF.tests.test_decision.test_certify_fail_closed" name="test_acceptance_rejected_refused" time="0.002" /><testcase classname="Core.QCFP_MTF.tests.test_decision.test_certify_fail_closed" name="test_evidence_pack_missing_refused" time="0.002" /><testcase classname="Core.QCFP_MTF.tests.test_decision.test_certify_fail_closed" name="test_release_mismatch_refused" time="0.002" /><testcase classname="Core.QCFP_MTF.tests.test_decision.test_certify_fail_closed" name="test_all_pass_certified" time="0.002" /><testcase classname="Core.QCFP_MTF.tests.test_decision.test_confidence" name="test_confidence_multiplier_bands" time="0.002" /><testcase classname="Core.QCFP_MTF.tests.test_decision.test_confidence" name="test_confidence_governance_clamp" time="0.001" /><testcase classname="Core.QCFP_MTF.tests.test_decision.test_confidence" name="test_evaluate_confidence_unchanged" time="0.002" /><testcase classname="Core.QCFP_MTF.tests.test_decision.test_consensus" name="test_consensus_high" time="0.002" /><testcase classname="Core.QCFP_MTF.tests.test_decision.test_consensus" name="test_consensus_low_wave_strong" time="0.002" /><testcase classname="Core.QCFP_MTF.tests.test_decision.test_consensus" name="test_consensus_medium" time="0.002" /><testcase classname="Core.QCFP_MTF.tests.test_decision.test_constraint_trace" name="test_constraint_trace_reductions" time="0.002" /><testcase classname="Core.QCFP_MTF.tests.test_decision.test_constraint_trace" name="test_finalize_target_produces_trace" time="0.002" /><testcase classname="Core.QCFP_MTF.tests.test_decision.test_constraint_trace" name="test_trace_to_md" time="0.001" /><testcase classname="Core.QCFP_MTF.tests.test_decision.test_convergence_invariants" name="test_i1_block_target_zero" time="0.016" /><testcase classname="Core.QCFP_MTF.tests.test_decision.test_convergence_invariants" name="test_i2_final_leq_permission_cap" time="0.014" /><testcase classname="Core.QCFP_MTF.tests.test_decision.test_convergence_invariants" name="test_i3_final_leq_risk_cap" time="0.002" /><testcase classname="Core.QCFP_MTF.tests.test_decision.test_convergence_invariants" name="test_i4_portfolio_exposure_leq_limit" time="0.002" /><testcase classname="Core.QCFP_MTF.tests.test_decision.test_convergence_invariants" name="test_i5_hard_exit_target_zero" time="0.008" /><testcase classname="Core.QCFP_MTF.tests.test_decision.test_convergence_invariants" name="test_i10_wave_cannot_upgrade_permission" time="0.002" /><testcase classname="Core.QCFP_MTF.tests.test_decision.test_convergence_invariants" name="test_permission_gate_upper_bound" time="0.002" /><testcase classname="Core.QCFP_MTF.tests.test_decision.test_convergence_invariants" name="test_target_chain_raw_governed_final" time="0.002" /><testcase classname="Core.QCFP_MTF.tests.test_decision.test_convergence_invariants" name="test_governance_passed_computed_not_forged" time="0.008" /><testcase classname="Core.QCFP_MTF.tests.test_decision.test_convergence_invariants" name="test_fsm_authority_validator" time="0.004" /><testcase classname="Core.QCFP_MTF.tests.test_decision.test_convergence_invariants" name="test_information_set_pit" time="0.003" /><testcase classname="Core.QCFP_MTF.tests.test_decision.test_convergence_invariants" name="test_engine_feature_contract_gate" time="0.007" /><testcase classname="Core.QCFP_MTF.tests.test_decision.test_convergence_invariants" name="test_wave_stage_gate" time="0.002" /><testcase classname="Core.QCFP_MTF.tests.test_decision.test_decision_delta" name="test_delta_change" time="0.002" /><testcase classname="Core.QCFP_MTF.tests.test_decision.test_decision_delta" name="test_delta_no_change" time="0.001" /><testcase classname="Core.QCFP_MTF.tests.test_decision.test_decision_delta_v2" name="test_delta_explains_change" time="0.002" /><testcase classname="Core.QCFP_MTF.tests.test_decision.test_decision_delta_v2" name="test_delta_incomplete_without_binding" time="0.001" /><testcase classname="Core.QCFP_MTF.tests.test_decision.test_decision_invariants" name="test_invariant_1_2_no_risk_increase" time="0.012" /><testcase classname="Core.QCFP_MTF.tests.test_decision.test_decision_invariants" name="test_invariant_3_daily_cannot_upgrade_permission" time="0.013" /><testcase classname="Core.QCFP_MTF.tests.test_decision.test_decision_invariants" name="test_invariant_4_hard_exit_target_zero" time="0.006" /><testcase classname="Core.QCFP_MTF.tests.test_decision.test_decision_invariants" name="test_invariant_5_pit_invalid_not_research_valid" time="0.010" /><testcase classname="Core.QCFP_MTF.tests.test_decision.test_decision_invariants" name="test_invariant_6_zero_position_no_risk_state" time="0.017" /><testcase classname="Core.QCFP_MTF.tests.test_decision.test_decision_invariants" name="test_invariant_7_decision_before_available_impossible" time="0.005" /><testcase classname="Core.QCFP_MTF.tests.test_decision.test_decision_invariants" name="test_invariant_8_report_action_equals_snapshot" time="1.893" /><testcase classname="Core.QCFP_MTF.tests.test_decision.test_decision_invariants" name="test_invariant_9_10_ledger_roundtrip_and_replay_determinism" time="4.092" /><testcase classname="Core.QCFP_MTF.tests.test_decision.test_dss_output" name="test_dss_structure" time="0.002" /><testcase classname="Core.QCFP_MTF.tests.test_decision.test_dss_output" name="test_dss_defaults_on_missing" time="0.001" /><testcase classname="Core.QCFP_MTF.tests.test_decision.test_dss_pit" name="test_dss_row_uses_available_date" time="0.022" /><testcase classname="Core.QCFP_MTF.tests.test_decision.test_dynamic_risk_budget" name="test_dynamic_budget_scales_down" time="0.001" /><testcase classname="Core.QCFP_MTF.tests.test_decision.test_dynamic_risk_budget" name="test_dynamic_budget_never_exceeds_cap" time="0.001" /><testcase classname="Core.QCFP_MTF.tests.test_decision.test_dynamic_risk_budget" name="test_dynamic_budget_crisis_shrinks" time="0.001" /><testcase classname="Core.QCFP_MTF.tests.test_decision.test_dynamic_risk_budget" name="test_block_zeros_budget" time="0.001" /><testcase classname="Core.QCFP_MTF.tests.test_decision.test_engine_smoke" name="test_decision_engine_dry_run" time="0.796" /><testcase classname="Core.QCFP_MTF.tests.test_decision.test_engine_smoke" name="test_dss_report_generation" time="2.205" /><testcase classname="Core.QCFP_MTF.tests.test_decision.test_entry_exit_quality" name="test_entry_quality_high" time="0.001" /><testcase classname="Core.QCFP_MTF.tests.test_decision.test_entry_exit_quality" name="test_entry_quality_low" time="0.001" /><testcase classname="Core.QCFP_MTF.tests.test_decision.test_entry_exit_quality" name="test_entry_quality_gate_strong_wave_low_entry" time="0.001" /><testcase classname="Core.QCFP_MTF.tests.test_decision.test_entry_exit_quality" name="test_entry_quality_gate_ok" time="0.001" /><testcase classname="Core.QCFP_MTF.tests.test_decision.test_entry_exit_quality" name="test_exit_quality_hard_priority" time="0.001" /><testcase classname="Core.QCFP_MTF.tests.test_decision.test_entry_exit_quality" name="test_exit_quality_priority_order" time="0.001" /><testcase classname="Core.QCFP_MTF.tests.test_decision.test_entry_exit_quality" name="test_action_gate_entry_quality_wait" time="0.001" /><testcase classname="Core.QCFP_MTF.tests.test_decision.test_entry_exit_quality" name="test_action_gate_no_entry_quality_compat" time="0.001" /><testcase classname="Core.QCFP_MTF.tests.test_decision.test_entry_exit_quality" name="test_engine_entry_quality_gate_off_by_default" time="0.004" /><testcase classname="Core.QCFP_MTF.tests.test_decision.test_entry_exit_quality" name="test_engine_entry_quality_gate_on_high_52w" time="0.011" /><testcase classname="Core.QCFP_MTF.tests.test_decision.test_entry_exit_quality" name="test_entry_quality_timing_bands" time="0.001" /><testcase classname="Core.QCFP_MTF.tests.test_decision.test_entry_exit_quality" name="test_exit_quality_wave_and_liquidity_kinds" time="0.001" /><testcase classname="Core.QCFP_MTF.tests.test_decision.test_evidence_pack_bound" name="test_evidence_pack_bound_to_certified_decision" time="0.001" /><testcase classname="Core.QCFP_MTF.tests.test_decision.test_evidence_pack_bound" name="test_missing_evidence_pack_not_certified" time="0.002" /><testcase classname="Core.QCFP_MTF.tests.test_decision.test_exit_efficiency" name="test_exit_efficiency" time="0.002" /><testcase classname="Core.QCFP_MTF.tests.test_decision.test_exit_efficiency" name="test_exit_efficiency_no_mfe" time="0.002" /><testcase classname="Core.QCFP_MTF.tests.test_decision.test_exit_efficiency" name="test_exit_taxonomy_mapping" time="0.002" /><testcase classname="Core.QCFP_MTF.tests.test_decision.test_feature_manifest" name="test_production_manifest_only_active" time="0.001" /><testcase classname="Core.QCFP_MTF.tests.test_decision.test_feature_manifest" name="test_lifecycle_advance" time="0.001" /><testcase classname="Core.QCFP_MTF.tests.test_decision.test_feature_manifest" name="test_lifecycle_constant" time="0.002" /><testcase classname="Core.QCFP_MTF.tests.test_decision.test_field_lineage" name="test_permission_lineage" time="0.001" /><testcase classname="Core.QCFP_MTF.tests.test_decision.test_field_lineage" name="test_liquidity_lineage" time="0.001" /><testcase classname="Core.QCFP_MTF.tests.test_decision.test_field_lineage" name="test_no_binding_single_node" time="0.002" /><testcase classname="Core.QCFP_MTF.tests.test_decision.test_field_lineage_from_snapshot" name="test_lineage_from_snapshot" time="0.002" /><testcase classname="Core.QCFP_MTF.tests.test_decision.test_governance" name="test_engine_is_single_entry_point" time="0.013" /><testcase classname="Core.QCFP_MTF.tests.test_decision.test_governance" name="test_engine_config_toggles" time="0.028" /><testcase classname="Core.QCFP_MTF.tests.test_decision.test_governance" name="test_ledger_immutable_append_only" time="3.732" /><testcase classname="Core.QCFP_MTF.tests.test_decision.test_governance" name="test_formal_mode_blocks_fallback" time="0.045" /><testcase classname="Core.QCFP_MTF.tests.test_decision.test_governance" name="test_participation_budget_observation" time="0.020" /><testcase classname="Core.QCFP_MTF.tests.test_decision.test_governance" name="test_exit_severity_three_tiers" time="0.002" /><testcase classname="Core.QCFP_MTF.tests.test_decision.test_governance" name="test_trade_quality_gates_target" time="0.012" /><testcase classname="Core.QCFP_MTF.tests.test_decision.test_governance" name="test_governance_ablation_toggles" time="0.016" /><testcase classname="Core.QCFP_MTF.tests.test_decision.test_governance" name="test_permission_opportunity_matrix" time="0.001" /><testcase classname="Core.QCFP_MTF.tests.test_decision.test_governance" name="test_decision_path_and_evidence_grades" time="0.003" /><testcase classname="Core.QCFP_MTF.tests.test_decision.test_governance" name="test_model_registry_roundtrip" time="0.491" /><testcase classname="Core.QCFP_MTF.tests.test_decision.test_governance_caps" name="test_caps_from_row" time="0.004" /><testcase classname="Core.QCFP_MTF.tests.test_decision.test_governance_caps" name="test_target_within_caps" time="0.002" /><testcase classname="Core.QCFP_MTF.tests.test_decision.test_governance_caps" name="test_nan_cap_fail_closed" time="0.002" /><testcase classname="Core.QCFP_MTF.tests.test_decision.test_governance_caps" name="test_caps_governance_check_nan_missing" time="0.002" /><testcase classname="Core.QCFP_MTF.tests.test_decision.test_governance_caps" name="test_engine_applies_hard_caps" time="0.007" /><testcase classname="Core.QCFP_MTF.tests.test_decision.test_governance_caps" name="test_engine_liquidity_cap_binds" time="0.007" /><testcase classname="Core.QCFP_MTF.tests.test_decision.test_governance_card" name="test_proofs_from_real_fields" time="0.002" /><testcase classname="Core.QCFP_MTF.tests.test_decision.test_governance_card" name="test_card_renders_lines" time="0.002" /><testcase classname="Core.QCFP_MTF.tests.test_decision.test_governance_card" name="test_fake_conditions_removed" time="0.002" /><testcase classname="Core.QCFP_MTF.tests.test_decision.test_governance_contract" name="test_g001_block_buy_target_zero" time="0.007" /><testcase classname="Core.QCFP_MTF.tests.test_decision.test_governance_contract" name="test_g002_hard_exit_hold_target_zero" time="0.007" /><testcase classname="Core.QCFP_MTF.tests.test_decision.test_governance_contract" name="test_g003_watch_no_position_increase" time="0.003" /><testcase classname="Core.QCFP_MTF.tests.test_decision.test_governance_contract" name="test_g004_daily_cannot_upgrade_permission" time="0.008" /><testcase classname="Core.QCFP_MTF.tests.test_decision.test_governance_contract" name="test_g005_budget_caps_final_target" time="0.005" /><testcase classname="Core.QCFP_MTF.tests.test_decision.test_governance_contract" name="test_g006_risk_gate_cannot_bypass_permission" time="0.005" /><testcase classname="Core.QCFP_MTF.tests.test_decision.test_governance_contract" name="test_g007_final_target_immutable" time="0.011" /><testcase classname="Core.QCFP_MTF.tests.test_decision.test_governance_contract" name="test_g008_reduce_allowed" time="0.008" /><testcase classname="Core.QCFP_MTF.tests.test_decision.test_governance_contract" name="test_g009_add_risk_requires_governance" time="0.002" /><testcase classname="Core.QCFP_MTF.tests.test_decision.test_governance_contract" name="test_g010_violations_blocked_by_engine" time="0.007" /><testcase classname="Core.QCFP_MTF.tests.test_decision.test_governance_contract" name="test_add_risk_gate_and_reentry_gate" time="0.002" /><testcase classname="Core.QCFP_MTF.tests.test_decision.test_governance_contract" name="test_certificate_replay_hash_identical" time="0.021" /><testcase classname="Core.QCFP_MTF.tests.test_decision.test_governance_contract" name="test_pit_hard_gate_raises" time="0.002" /><testcase classname="Core.QCFP_MTF.tests.test_decision.test_governance_contract" name="test_g1_hard_exit_final_target_zero" time="0.035" /><testcase classname="Core.QCFP_MTF.tests.test_decision.test_governance_contract" name="test_g2_block_final_target_zero" time="0.013" /><testcase classname="Core.QCFP_MTF.tests.test_decision.test_governance_contract" name="test_g3_watch_non_observe_no_new_risk" time="0.005" /><testcase classname="Core.QCFP_MTF.tests.test_decision.test_governance_contract" name="test_g4_observe_bounded_by_cap" time="0.005" /><testcase classname="Core.QCFP_MTF.tests.test_decision.test_governance_contract" name="test_g5_final_target_within_envelope" time="0.014" /><testcase classname="Core.QCFP_MTF.tests.test_decision.test_governance_contract" name="test_g6_daily_never_upgrades_permission" time="0.012" /><testcase classname="Core.QCFP_MTF.tests.test_decision.test_governance_contract" name="test_g7_risk_gate_only_reduces_risk" time="0.011" /><testcase classname="Core.QCFP_MTF.tests.test_decision.test_governance_contract" name="test_g8_final_target_through_governance" time="0.004" /><testcase classname="Core.QCFP_MTF.tests.test_decision.test_governance_contract" name="test_feature_permission_matrix_blocks_future" time="0.002" /><testcase classname="Core.QCFP_MTF.tests.test_decision.test_governance_contract" name="test_wave_label_vs_signal_isolation" time="0.010" /><testcase classname="Core.QCFP_MTF.tests.test_decision.test_governance_contract" name="test_governance_matrix_and_risk_monotonic" time="0.010" /><testcase classname="Core.QCFP_MTF.tests.test_decision.test_governance_contract" name="test_governance_proof_engine" time="0.005" /><testcase classname="Core.QCFP_MTF.tests.test_decision.test_governance_contract" name="test_data_quality_is_constraint" time="0.011" /><testcase classname="Core.QCFP_MTF.tests.test_decision.test_governance_contract" name="test_hard_exit_randomized_1000" time="4.552" /><testcase classname="Core.QCFP_MTF.tests.test_decision.test_governance_contract" name="test_strong_wave_block_no_trade" time="0.007" /><testcase classname="Core.QCFP_MTF.tests.test_decision.test_governance_contract" name="test_nine_tuple_audit_identity" time="2.089" /><testcase classname="Core.QCFP_MTF.tests.test_decision.test_governance_contract" name="test_wave_opportunity_and_oqs" time="0.018" /><testcase classname="Core.QCFP_MTF.tests.test_decision.test_governance_contract" name="test_regime_classify_and_scale" time="0.009" /><testcase classname="Core.QCFP_MTF.tests.test_decision.test_governance_contract" name="test_conflict_resolver_priority" time="0.002" /><testcase classname="Core.QCFP_MTF.tests.test_decision.test_governance_contract" name="test_decision_confidence" time="0.008" /><testcase classname="Core.QCFP_MTF.tests.test_decision.test_governance_contract" name="test_action_gate_four_levels" time="0.009" /><testcase classname="Core.QCFP_MTF.tests.test_decision.test_governance_contract" name="test_reentry_governance" time="0.015" /><testcase classname="Core.QCFP_MTF.tests.test_decision.test_governance_contract" name="test_decision_stability" time="0.135" /><testcase classname="Core.QCFP_MTF.tests.test_decision.test_governance_contract" name="test_strategy_lifecycle" time="0.002" /><testcase classname="Core.QCFP_MTF.tests.test_decision.test_governance_contract" name="test_regime_transition_detector" time="0.001" /><testcase classname="Core.QCFP_MTF.tests.test_decision.test_governance_contract" name="test_cross_section_ranking" time="0.001" /><testcase classname="Core.QCFP_MTF.tests.test_decision.test_governance_contract" name="test_replacement_engine" time="0.003" /><testcase classname="Core.QCFP_MTF.tests.test_decision.test_governance_contract" name="test_forecast_realized_monitor" time="0.001" /><testcase classname="Core.QCFP_MTF.tests.test_decision.test_governance_contract" name="test_controlled_learning_loop" time="0.001" /><testcase classname="Core.QCFP_MTF.tests.test_decision.test_governance_contract" name="test_portfolio_state_engine" time="0.006" /><testcase classname="Core.QCFP_MTF.tests.test_decision.test_governance_contract" name="test_stress_scenarios" time="0.003" /><testcase classname="Core.QCFP_MTF.tests.test_decision.test_governance_contract" name="test_incremental_evidence" time="0.002" /><testcase classname="Core.QCFP_MTF.tests.test_decision.test_governance_contract" name="test_explainability_graph" time="0.007" /><testcase classname="Core.QCFP_MTF.tests.test_decision.test_governance_contract" name="test_safety_kill_switch" time="0.002" /><testcase classname="Core.QCFP_MTF.tests.test_decision.test_governance_contract" name="test_exit_semantics_split" time="0.002" /><testcase classname="Core.QCFP_MTF.tests.test_decision.test_governance_contract" name="test_finalize_target_hard_boundary" time="0.002" /><testcase classname="Core.QCFP_MTF.tests.test_decision.test_governance_contract" name="test_risk_budget_target" time="0.002" /><testcase classname="Core.QCFP_MTF.tests.test_decision.test_governance_contract" name="test_calibration_table" time="0.001" /><testcase classname="Core.QCFP_MTF.tests.test_decision.test_governance_contract" name="test_permutation_bootstrap_ci" time="0.373" /><testcase classname="Core.QCFP_MTF.tests.test_decision.test_governance_contract" name="test_invariants_i01_i10" time="5.358" /><testcase classname="Core.QCFP_MTF.tests.test_decision.test_governance_matrix" name="test_version_identity_three_dimensional" time="0.006" /><testcase classname="Core.QCFP_MTF.tests.test_decision.test_governance_matrix" name="test_governance_invariant_matrix" time="4.545" /><testcase classname="Core.QCFP_MTF.tests.test_decision.test_governance_matrix" name="test_market_scale_reduces_budget" time="0.017" /><testcase classname="Core.QCFP_MTF.tests.test_decision.test_historical_corpus" name="test_corpus_protected" time="0.002" /><testcase classname="Core.QCFP_MTF.tests.test_decision.test_historical_corpus" name="test_silent_mutation_detected" time="0.002" /><testcase classname="Core.QCFP_MTF.tests.test_decision.test_historical_corpus" name="test_missing_fields_detected" time="0.002" /><testcase classname="Core.QCFP_MTF.tests.test_decision.test_historical_integrity" name="test_integrity_ok_when_replay_consistent" time="0.006" /><testcase classname="Core.QCFP_MTF.tests.test_decision.test_historical_integrity" name="test_integrity_failed_on_fact_change" time="0.015" /><testcase classname="Core.QCFP_MTF.tests.test_decision.test_historical_integrity" name="test_counterfactual_never_overwrites_fact" time="0.001" /><testcase classname="Core.QCFP_MTF.tests.test_decision.test_historical_integrity_immutable" name="test_append_only_ok" time="0.001" /><testcase classname="Core.QCFP_MTF.tests.test_decision.test_historical_integrity_immutable" name="test_update_violation" time="0.001" /><testcase classname="Core.QCFP_MTF.tests.test_decision.test_historical_integrity_immutable" name="test_delete_violation" time="0.001" /><testcase classname="Core.QCFP_MTF.tests.test_decision.test_institutional_filter" name="test_institutional_state_and_permission" time="0.001" /><testcase classname="Core.QCFP_MTF.tests.test_decision.test_institutional_filter" name="test_hard_exit_overrides_bullish" time="0.002" /><testcase classname="Core.QCFP_MTF.tests.test_decision.test_institutional_filter" name="test_fsm_lifecycle_with_cooldown" time="0.002" /><testcase classname="Core.QCFP_MTF.tests.test_decision.test_institutional_filter" name="test_chase_filter" time="0.001" /><testcase classname="Core.QCFP_MTF.tests.test_decision.test_institutional_permission" name="test_permission_matrix" time="0.001" /><testcase classname="Core.QCFP_MTF.tests.test_decision.test_institutional_permission" name="test_downgrade_rules" time="0.001" /><testcase classname="Core.QCFP_MTF.tests.test_decision.test_institutional_permission" name="test_block_cannot_be_upgraded_by_daily_breakout" time="0.002" /><testcase classname="Core.QCFP_MTF.tests.test_decision.test_institutional_permission" name="test_allow_but_no_setup_stays_flat" time="0.001" /><testcase classname="Core.QCFP_MTF.tests.test_decision.test_ledger_append_only" name="test_data_snapshot_id_content_sensitive_delegate" time="1.635" /><testcase classname="Core.QCFP_MTF.tests.test_decision.test_ledger_append_only" name="test_manifest_changes_when_table_set_changes" time="0.835" /><testcase classname="Core.QCFP_MTF.tests.test_decision.test_ledger_append_only" name="test_invalidate_is_append_only_event" time="0.010" /><testcase classname="Core.QCFP_MTF.tests.test_decision.test_ledger_append_only" name="test_run_hash_deterministic_and_chainable" time="0.722" /><testcase classname="Core.QCFP_MTF.tests.test_decision.test_ledger_chain" name="test_ledger_hash_deterministic" time="0.001" /><testcase classname="Core.QCFP_MTF.tests.test_decision.test_ledger_chain" name="test_verify_ledger_chain_runs" time="4.858" /><testcase classname="Core.QCFP_MTF.tests.test_decision.test_ledger_commit_invariants" name="test_commit_ok_production" time="0.001" /><testcase classname="Core.QCFP_MTF.tests.test_decision.test_ledger_commit_invariants" name="test_wrong_action_rejected_production" time="0.001" /><testcase classname="Core.QCFP_MTF.tests.test_decision.test_ledger_commit_invariants" name="test_missing_release_identity_rejected_production" time="0.002" /><testcase classname="Core.QCFP_MTF.tests.test_decision.test_ledger_commit_invariants" name="test_research_mode_allows" time="0.002" /><testcase classname="Core.QCFP_MTF.tests.test_decision.test_ledger_commit_invariants" name="test_wave_monotonicity_violation" time="0.001" /><testcase classname="Core.QCFP_MTF.tests.test_decision.test_ledger_dual_chain" name="test_interleaved_global_and_run_pass" time="0.001" /><testcase classname="Core.QCFP_MTF.tests.test_decision.test_ledger_dual_chain" name="test_tamper_r2_b_fails_global_and_run" time="0.001" /><testcase classname="Core.QCFP_MTF.tests.test_decision.test_ledger_dual_chain" name="test_run_tamper_fails_run_chain" time="0.001" /><testcase classname="Core.QCFP_MTF.tests.test_decision.test_ledger_manifest" name="test_dataset_manifest_hash" time="1.541" /><testcase classname="Core.QCFP_MTF.tests.test_decision.test_ledger_manifest" name="test_manifest_content_sensitive" time="0.712" /><testcase classname="Core.QCFP_MTF.tests.test_decision.test_optimal_position" name="test_optimal_position_chain" time="0.001" /><testcase classname="Core.QCFP_MTF.tests.test_decision.test_optimal_position" name="test_higher_confidence_larger_position" time="0.001" /><testcase classname="Core.QCFP_MTF.tests.test_decision.test_optimal_position" name="test_max_allowed_cap" time="0.001" /><testcase classname="Core.QCFP_MTF.tests.test_decision.test_optimal_position" name="test_position_from_components" time="0.001" /><testcase classname="Core.QCFP_MTF.tests.test_decision.test_path_hash" name="test_path_hash_deterministic" time="0.001" /><testcase classname="Core.QCFP_MTF.tests.test_decision.test_path_hash" name="test_path_hash_changes_with_logic" time="0.001" /><testcase classname="Core.QCFP_MTF.tests.test_decision.test_path_hash" name="test_path_hash_in_engine_context" time="0.006" /><testcase classname="Core.QCFP_MTF.tests.test_decision.test_path_hash_action_change" name="test_same_identity_same_hash" time="0.002" /><testcase classname="Core.QCFP_MTF.tests.test_decision.test_path_hash_action_change" name="test_action_change_changes_hash" time="0.001" /><testcase classname="Core.QCFP_MTF.tests.test_decision.test_path_hash_release2" name="test_hash_changes_with_wave_stage" time="0.002" /><testcase classname="Core.QCFP_MTF.tests.test_decision.test_path_hash_release2" name="test_hash_changes_with_final_target" time="0.001" /><testcase classname="Core.QCFP_MTF.tests.test_decision.test_path_hash_release2" name="test_hash_changes_with_release" time="0.001" /><testcase classname="Core.QCFP_MTF.tests.test_decision.test_path_hash_release2" name="test_hash_same_identity_same" time="0.001" /><testcase classname="Core.QCFP_MTF.tests.test_decision.test_path_hash_v2" name="test_path_hash_differs_with_config" time="0.002" /><testcase classname="Core.QCFP_MTF.tests.test_decision.test_path_hash_v2" name="test_path_hash_same_identity_same_hash" time="0.001" /><testcase classname="Core.QCFP_MTF.tests.test_decision.test_path_hash_v2" name="test_determinism_check_consistent" time="0.001" /><testcase classname="Core.QCFP_MTF.tests.test_decision.test_path_hash_v2" name="test_determinism_failure_detected" time="0.001" /><testcase classname="Core.QCFP_MTF.tests.test_decision.test_permission_derisk" name="test_block_progressive_derisk" time="0.001" /><testcase classname="Core.QCFP_MTF.tests.test_decision.test_permission_derisk" name="test_hard_exit_immediate_derisk" time="0.001" /><testcase classname="Core.QCFP_MTF.tests.test_decision.test_permission_derisk" name="test_allow_no_derisk" time="0.001" /><testcase classname="Core.QCFP_MTF.tests.test_decision.test_permission_derisk" name="test_policy_object_has_derisk_fields" time="0.001" /><testcase classname="Core.QCFP_MTF.tests.test_decision.test_permission_policy_object" name="test_block_semantics_unified" time="0.001" /><testcase classname="Core.QCFP_MTF.tests.test_decision.test_permission_policy_object" name="test_watch_observation" time="0.001" /><testcase classname="Core.QCFP_MTF.tests.test_decision.test_permission_policy_object" name="test_allow_add" time="0.001" /><testcase classname="Core.QCFP_MTF.tests.test_decision.test_permission_policy_object" name="test_test_no_add" time="0.001" /><testcase classname="Core.QCFP_MTF.tests.test_decision.test_permission_semantics_unified" name="test_block_progressive_derisk_allowed" time="0.001" /><testcase classname="Core.QCFP_MTF.tests.test_decision.test_permission_semantics_unified" name="test_block_hard_exit_zero" time="0.001" /><testcase classname="Core.QCFP_MTF.tests.test_decision.test_permission_semantics_unified" name="test_policy_single_source" time="0.001" /><testcase classname="Core.QCFP_MTF.tests.test_decision.test_permission_semantics_unified" name="test_governance_matrix_previous_context" time="0.001" /><testcase classname="Core.QCFP_MTF.tests.test_decision.test_permission_strength" name="test_permission_strength_values" time="0.001" /><testcase classname="Core.QCFP_MTF.tests.test_decision.test_permission_strength" name="test_strength_cap_only_lowers" time="0.001" /><testcase classname="Core.QCFP_MTF.tests.test_decision.test_permission_strength" name="test_strength_never_raises" time="0.001" /><testcase classname="Core.QCFP_MTF.tests.test_decision.test_position_scaling" name="test_scaling_lifecycle" time="0.001" /><testcase classname="Core.QCFP_MTF.tests.test_decision.test_position_scaling" name="test_signal_risk_modulation" time="0.001" /><testcase classname="Core.QCFP_MTF.tests.test_decision.test_position_scaling" name="test_governance_caps_bound" time="0.001" /><testcase classname="Core.QCFP_MTF.tests.test_decision.test_progressive_sizing" name="test_progressive_sizes" time="0.001" /><testcase classname="Core.QCFP_MTF.tests.test_decision.test_progressive_sizing" name="test_progressive_target_monotonic" time="0.001" /><testcase classname="Core.QCFP_MTF.tests.test_decision.test_progressive_sizing" name="test_progressive_target_respects_cap" time="0.002" /><testcase classname="Core.QCFP_MTF.tests.test_decision.test_progressive_sizing" name="test_add_requalification" time="0.002" /><testcase classname="Core.QCFP_MTF.tests.test_decision.test_progressive_sizing" name="test_next_stage" time="0.002" /><testcase classname="Core.QCFP_MTF.tests.test_decision.test_property_invariants" name="test_final_target_leq_all_caps" time="0.002" /><testcase classname="Core.QCFP_MTF.tests.test_decision.test_property_invariants" name="test_adversarial_extreme_alpha_block" time="0.008" /><testcase classname="Core.QCFP_MTF.tests.test_decision.test_property_invariants" name="test_mature_no_add_invalid_no_entry" time="0.001" /><testcase classname="Core.QCFP_MTF.tests.test_decision.test_property_invariants" name="test_daily_signal_cannot_raise_permission" time="0.009" /><testcase classname="Core.QCFP_MTF.tests.test_decision.test_property_invariants" name="test_future_label_blocked_from_production" time="0.001" /><testcase classname="Core.QCFP_MTF.tests.test_decision.test_property_invariants" name="test_report_cannot_change_snapshot" time="0.006" /><testcase classname="Core.QCFP_MTF.tests.test_decision.test_proposal_action" name="test_matrix_all_cases" time="0.001" /><testcase classname="Core.QCFP_MTF.tests.test_decision.test_proposal_action" name="test_confirming_flat_entry_not_add" time="0.002" /><testcase classname="Core.QCFP_MTF.tests.test_decision.test_proposal_action" name="test_add_requires_prev_positive" time="0.001" /><testcase classname="Core.QCFP_MTF.tests.test_decision.test_reason_codes" name="test_normalize_reason" time="0.001" /><testcase classname="Core.QCFP_MTF.tests.test_decision.test_reason_codes" name="test_standard_codes_defined" time="0.000" /><testcase classname="Core.QCFP_MTF.tests.test_decision.test_reason_codes" name="test_reason_stats" time="0.001" /><testcase classname="Core.QCFP_MTF.tests.test_decision.test_release_historical_replay" name="test_hash_change_release_failure" time="0.000" /><testcase classname="Core.QCFP_MTF.tests.test_decision.test_release_historical_replay" name="test_hash_change_with_migration_event" time="0.000" /><testcase classname="Core.QCFP_MTF.tests.test_decision.test_release_historical_replay" name="test_hash_preserved" time="0.001" /><testcase classname="Core.QCFP_MTF.tests.test_decision.test_release_identity" name="test_release_id_deterministic" time="0.002" /><testcase classname="Core.QCFP_MTF.tests.test_decision.test_release_identity" name="test_release_lock_rejects_mismatch" time="0.001" /><testcase classname="Core.QCFP_MTF.tests.test_decision.test_release_identity" name="test_release_identity_fields" time="0.002" /><testcase classname="Core.QCFP_MTF.tests.test_decision.test_release_identity_chain" name="test_snapshot_identity_fields" time="0.002" /><testcase classname="Core.QCFP_MTF.tests.test_decision.test_release_identity_chain" name="test_identity_chain_traceable" time="0.001" /><testcase classname="Core.QCFP_MTF.tests.test_decision.test_replay_cert" name="test_certify_verified" time="0.001" /><testcase classname="Core.QCFP_MTF.tests.test_decision.test_replay_cert" name="test_certify_mismatch" time="0.002" /><testcase classname="Core.QCFP_MTF.tests.test_decision.test_replay_cert" name="test_certify_with_ledger" time="0.001" /><testcase classname="Core.QCFP_MTF.tests.test_decision.test_replay_cert" name="test_certificate_mismatch_flag" time="0.001" /><testcase classname="Core.QCFP_MTF.tests.test_decision.test_replay_cert" name="test_replay_cert_type" time="0.001" /><testcase classname="Core.QCFP_MTF.tests.test_decision.test_replay_cert" name="test_certify_and_safety_mismatch_halts" time="0.001" /><testcase classname="Core.QCFP_MTF.tests.test_decision.test_replay_cert" name="test_certify_and_safety_verified_keeps_state" time="0.001" /><testcase classname="Core.QCFP_MTF.tests.test_decision.test_replay_contract" name="test_replay_contract_exact_match" time="0.001" /><testcase classname="Core.QCFP_MTF.tests.test_decision.test_replay_contract" name="test_replay_contract_mismatch" time="0.000" /><testcase classname="Core.QCFP_MTF.tests.test_decision.test_replay_contract" name="test_replay_types" time="0.001" /><testcase classname="Core.QCFP_MTF.tests.test_decision.test_replay_contract" name="test_research_replay_not_production" time="0.001" /><testcase classname="Core.QCFP_MTF.tests.test_decision.test_replay_contract" name="test_replay_eligible_when_material_complete" time="0.002" /><testcase classname="Core.QCFP_MTF.tests.test_decision.test_replay_contract" name="test_replay_eligible_when_settings_hash_matches" time="0.002" /><testcase classname="Core.QCFP_MTF.tests.test_decision.test_replay_contract" name="test_replay_ineligible_when_settings_not_registered" time="0.002" /><testcase classname="Core.QCFP_MTF.tests.test_decision.test_replay_contract" name="test_replay_ineligible_when_settings_blob_empty" time="0.002" /><testcase classname="Core.QCFP_MTF.tests.test_decision.test_replay_contract" name="test_replay_ineligible_when_settings_blob_invalid_json" time="0.002" /><testcase classname="Core.QCFP_MTF.tests.test_decision.test_replay_contract" name="test_replay_ineligible_when_settings_hash_mismatch" time="0.002" /><testcase classname="Core.QCFP_MTF.tests.test_decision.test_replay_contract" name="test_replay_ineligible_when_identity_missing" time="0.002" /><testcase classname="Core.QCFP_MTF.tests.test_decision.test_replay_contract" name="test_replay_ineligible_when_decision_identity_missing" time="0.002" /><testcase classname="Core.QCFP_MTF.tests.test_decision.test_replay_contract" name="test_replay_ineligible_when_data_or_universe_snapshot_missing" time="0.003" /><testcase classname="Core.QCFP_MTF.tests.test_decision.test_replay_contract" name="test_replay_ineligible_when_decision_path_missing" time="0.002" /><testcase classname="Core.QCFP_MTF.tests.test_decision.test_replay_contract" name="test_replay_ineligible_when_snapshot_reference_unresolvable" time="0.002" /><testcase classname="Core.QCFP_MTF.tests.test_decision.test_replay_contract" name="test_replay_eligible_when_snapshot_references_resolvable" time="0.002" /><testcase classname="Core.QCFP_MTF.tests.test_decision.test_replay_engine" name="test_exact_match" time="0.001" /><testcase classname="Core.QCFP_MTF.tests.test_decision.test_replay_engine" name="test_mismatch_detected_even_same_target" time="0.001" /><testcase classname="Core.QCFP_MTF.tests.test_decision.test_replay_engine" name="test_mismatch_reason_and_action" time="0.002" /><testcase classname="Core.QCFP_MTF.tests.test_decision.test_replay_engine" name="test_replay_to_md" time="0.001" /><testcase classname="Core.QCFP_MTF.tests.test_decision.test_retail" name="test_traffic_light" time="0.001" /><testcase classname="Core.QCFP_MTF.tests.test_decision.test_retail" name="test_retail_action_ladder" time="0.001" /><testcase classname="Core.QCFP_MTF.tests.test_decision.test_retail" name="test_retail_position_band_no_100pct_default" time="0.001" /><testcase classname="Core.QCFP_MTF.tests.test_decision.test_retail" name="test_classify_pool" time="0.001" /><testcase classname="Core.QCFP_MTF.tests.test_decision.test_retail_position_fsm" name="test_full_lifecycle" time="0.002" /><testcase classname="Core.QCFP_MTF.tests.test_decision.test_retail_position_fsm" name="test_no_state_jump" time="0.001" /><testcase classname="Core.QCFP_MTF.tests.test_decision.test_retail_position_fsm" name="test_hard_exit_highest_priority" time="0.001" /><testcase classname="Core.QCFP_MTF.tests.test_decision.test_retail_position_fsm" name="test_block_breakout_and_cooldown_breakout" time="0.001" /><testcase classname="Core.QCFP_MTF.tests.test_decision.test_risk_evaluator" name="test_low_risk" time="0.001" /><testcase classname="Core.QCFP_MTF.tests.test_decision.test_risk_evaluator" name="test_medium_risk" time="0.001" /><testcase classname="Core.QCFP_MTF.tests.test_decision.test_risk_evaluator" name="test_high_risk" time="0.002" /><testcase classname="Core.QCFP_MTF.tests.test_decision.test_risk_evaluator" name="test_extreme_insufficient" time="0.001" /><testcase classname="Core.QCFP_MTF.tests.test_decision.test_robustness" name="test_decision_robustness_runs" time="0.075" /><testcase classname="Core.QCFP_MTF.tests.test_decision.test_robustness" name="test_stability_report_compat" time="0.049" /><testcase classname="Core.QCFP_MTF.tests.test_decision.test_schema_contract" name="test_valid_snapshot_replayable" time="0.001" /><testcase classname="Core.QCFP_MTF.tests.test_decision.test_schema_contract" name="test_missing_required_requires_migration" time="0.001" /><testcase classname="Core.QCFP_MTF.tests.test_decision.test_schema_contract" name="test_forbidden_field_not_replayable" time="0.001" /><testcase classname="Core.QCFP_MTF.tests.test_decision.test_schema_contract" name="test_forbidden_field_none_is_ignored" time="0.002" /><testcase classname="Core.QCFP_MTF.tests.test_decision.test_schema_migration" name="test_new_required_fields" time="0.001" /><testcase classname="Core.QCFP_MTF.tests.test_decision.test_schema_migration" name="test_forbidden_legacy_action_signal" time="0.001" /><testcase classname="Core.QCFP_MTF.tests.test_decision.test_schema_migration" name="test_migration_defined" time="0.001" /><testcase classname="Core.QCFP_MTF.tests.test_decision.test_schema_migration" name="test_release_rejected_without_migration" time="0.001" /><testcase classname="Core.QCFP_MTF.tests.test_decision.test_schema_registry" name="test_default_registry_readable" time="0.001" /><testcase classname="Core.QCFP_MTF.tests.test_decision.test_schema_registry" name="test_migrate_old_schema" time="0.001" /><testcase classname="Core.QCFP_MTF.tests.test_decision.test_schema_registry" name="test_compatibility" time="0.002" /><testcase classname="Core.QCFP_MTF.tests.test_decision.test_schema_registry" name="test_custom_registry" time="0.002" /><testcase classname="Core.QCFP_MTF.tests.test_decision.test_schema_release_hard_gate" name="test_new_required_fields" time="0.002" /><testcase classname="Core.QCFP_MTF.tests.test_decision.test_schema_release_hard_gate" name="test_direct_replay_unchanged" time="0.002" /><testcase classname="Core.QCFP_MTF.tests.test_decision.test_schema_release_hard_gate" name="test_migration_required_with_migration" time="0.002" /><testcase classname="Core.QCFP_MTF.tests.test_decision.test_schema_release_hard_gate" name="test_release_rejected_without_migration" time="0.001" /><testcase classname="Core.QCFP_MTF.tests.test_decision.test_schema_release_hard_gate" name="test_forbidden_field_not_replayable" time="0.001" /><testcase classname="Core.QCFP_MTF.tests.test_decision.test_tactical_chain" name="test_override_chain_01951_case" time="0.002" /><testcase classname="Core.QCFP_MTF.tests.test_decision.test_tactical_chain" name="test_db_row_consistent_with_code" time="0.067" /><testcase classname="Core.QCFP_MTF.tests.test_decision.test_time_in_trade" name="test_hold_within_expected" time="0.002" /><testcase classname="Core.QCFP_MTF.tests.test_decision.test_time_in_trade" name="test_reduce_over_expected_no_profit" time="0.002" /><testcase classname="Core.QCFP_MTF.tests.test_decision.test_time_in_trade" name="test_exit_over_max_no_progress" time="0.002" /><testcase classname="Core.QCFP_MTF.tests.test_decision.test_time_in_trade" name="test_reduce_over_max_with_progress" time="0.002" /><testcase classname="Core.QCFP_MTF.tests.test_decision.test_time_in_trade" name="test_stale_confirmation" time="0.002" /><testcase classname="Core.QCFP_MTF.tests.test_decision.test_types" name="test_proposal_cannot_be_executed" time="0.001" /><testcase classname="Core.QCFP_MTF.tests.test_decision.test_types" name="test_decision_can_be_executed" time="0.002" /><testcase classname="Core.QCFP_MTF.tests.test_decision.test_types" name="test_type_hierarchy" time="0.002" /><testcase classname="Core.QCFP_MTF.tests.test_decision.test_unified_object" name="test_build_unified_decision" time="0.003" /><testcase classname="Core.QCFP_MTF.tests.test_decision.test_unified_object" name="test_validate_unified_decision" time="0.002" /><testcase classname="Core.QCFP_MTF.tests.test_decision.test_unified_object" name="test_composite_hash_stable" time="0.002" /><testcase classname="Core.QCFP_MTF.tests.test_decision.test_unified_object" name="test_consumers_constant" time="0.001" /><testcase classname="Core.QCFP_MTF.tests.test_decision.test_unified_object" name="test_top_level_wave_stage_governed_evidence" time="0.002" /><testcase classname="Core.QCFP_MTF.tests.test_decision.test_unknown_caps_no_exit" name="test_flat_unknown_caps_zero" time="0.008" /><testcase classname="Core.QCFP_MTF.tests.test_decision.test_unknown_caps_no_exit" name="test_holding_unknown_caps_no_new_risk" time="0.008" /><testcase classname="Core.QCFP_MTF.tests.test_decision.test_unknown_caps_no_exit" name="test_holding_reduce_allowed_with_unknown" time="0.007" /><testcase classname="Core.QCFP_MTF.tests.test_decision.test_unknown_caps_no_exit" name="test_hard_exit_still_zero" time="0.008" /><testcase classname="Core.QCFP_MTF.tests.test_decision.test_version_identity" name="test_version_identity_fields" time="0.002" /><testcase classname="Core.QCFP_MTF.tests.test_decision.test_version_identity" name="test_version_identity_singleton" time="0.002" /><testcase classname="Core.QCFP_MTF.tests.test_decision.test_wave_action_semantics" name="test_forbidden_add_no_new_risk[DISCOVERY-0.1-TESTING-T01]" time="0.008" /><testcase classname="Core.QCFP_MTF.tests.test_decision.test_wave_action_semantics" name="test_forbidden_add_no_new_risk[CONFIRMING-0.05-TESTING-T02]" time="0.010" /><testcase classname="Core.QCFP_MTF.tests.test_decision.test_wave_action_semantics" name="test_forbidden_add_no_new_risk[MATURE-0.1-TESTING-T03]" time="0.009" /><testcase classname="Core.QCFP_MTF.tests.test_decision.test_wave_action_semantics" name="test_t01_discovery_add_not_forced_exit" time="0.007" /><testcase classname="Core.QCFP_MTF.tests.test_decision.test_wave_action_semantics" name="test_t04_hold_not_distorted_by_entry_scale[DISCOVERY]" time="0.009" /><testcase classname="Core.QCFP_MTF.tests.test_decision.test_wave_action_semantics" name="test_t04_hold_not_distorted_by_entry_scale[CONFIRMING]" time="0.006" /><testcase classname="Core.QCFP_MTF.tests.test_decision.test_wave_action_semantics" name="test_t04_hold_not_distorted_by_entry_scale[ACTIVE]" time="0.008" /><testcase classname="Core.QCFP_MTF.tests.test_decision.test_wave_action_semantics" name="test_t04_hold_not_distorted_by_entry_scale[MATURE]" time="0.005" /><testcase classname="Core.QCFP_MTF.tests.test_decision.test_wave_action_semantics" name="test_t04_hold_not_distorted_by_entry_scale[EXHAUSTING]" time="0.006" /><testcase classname="Core.QCFP_MTF.tests.test_decision.test_wave_action_semantics" name="test_t05_reduce_not_scaled_by_entry_scale" time="0.006" /><testcase classname="Core.QCFP_MTF.tests.test_decision.test_wave_action_semantics" name="test_t05_exit_preserved" time="0.007" /><testcase classname="Core.QCFP_MTF.tests.test_decision.test_wave_action_semantics" name="test_t06_wave_audit_matches_actual_proposal[discovery_add-row0-TESTING-0.1]" time="0.006" /><testcase classname="Core.QCFP_MTF.tests.test_decision.test_wave_action_semantics" name="test_t06_wave_audit_matches_actual_proposal[confirming_add-row1-TESTING-0.05]" time="0.008" /><testcase classname="Core.QCFP_MTF.tests.test_decision.test_wave_action_semantics" name="test_t06_wave_audit_matches_actual_proposal[mature_add-row2-TESTING-0.1]" time="0.008" /><testcase classname="Core.QCFP_MTF.tests.test_decision.test_wave_action_semantics" name="test_t06_wave_audit_matches_actual_proposal[discovery_hold-row3-BUILDING-0.2]" time="0.008" /><testcase classname="Core.QCFP_MTF.tests.test_decision.test_wave_action_semantics" name="test_t06_wave_audit_matches_actual_proposal[exhausting_reduce-row4-HOLDING-0.3]" time="0.005" /><testcase classname="Core.QCFP_MTF.tests.test_decision.test_wave_action_semantics" name="test_t06_wave_audit_matches_actual_proposal[exhausting_exit-row5-HOLDING-0.3]" time="0.006" /><testcase classname="Core.QCFP_MTF.tests.test_decision.test_wave_action_semantics" name="test_t07_wave_authority_before_fsm" time="0.006" /><testcase classname="Core.QCFP_MTF.tests.test_decision.test_wave_action_semantics" name="test_property_forbidden_add_no_new_risk" time="0.017" /><testcase classname="Core.QCFP_MTF.tests.test_decision.test_wave_action_semantics" name="test_property_wave_not_above_fsm_proposal" time="0.035" /><testcase classname="Core.QCFP_MTF.tests.test_decision.test_wave_action_semantics" name="test_property_wave_not_above_permission" time="0.039" /><testcase classname="Core.QCFP_MTF.tests.test_decision.test_wave_action_semantics" name="test_a39_discovery_add_must_not_force_exit" time="0.015" /><testcase classname="Core.QCFP_MTF.tests.test_decision.test_wave_action_semantics" name="test_a40_confirming_add_must_not_raise_risk" time="0.010" /><testcase classname="Core.QCFP_MTF.tests.test_decision.test_wave_action_semantics" name="test_a41_mature_add_blocked" time="0.008" /><testcase classname="Core.QCFP_MTF.tests.test_decision.te
[...]
me="0.001" /><testcase classname="Core.QCFP_MTF.tests.test_safety.test_safety_case" name="test_safety_case_to_md" time="0.001" /><testcase classname="Core.QCFP_MTF.tests.test_safety.test_strategy_kill" name="test_no_criteria_production" time="0.001" /><testcase classname="Core.QCFP_MTF.tests.test_safety.test_strategy_kill" name="test_any_criteria_suspends" time="0.001" /><testcase classname="Core.QCFP_MTF.tests.test_safety.test_strategy_kill" name="test_classify_three_kinds" time="0.001" /><testcase classname="Core.QCFP_MTF.tests.test_safety.test_strategy_not_stock" name="test_strategy_suspended_answer" time="0.001" /><testcase classname="Core.QCFP_MTF.tests.test_safety.test_strategy_not_stock" name="test_strategy_active_answer" time="0.001" /><testcase classname="Core.QCFP_MTF.tests.test_safety.test_system_health" name="test_green" time="0.001" /><testcase classname="Core.QCFP_MTF.tests.test_safety.test_system_health" name="test_yellow_orange" time="0.001" /><testcase classname="Core.QCFP_MTF.tests.test_safety.test_system_health" name="test_red_and_halt" time="0.001" /><testcase classname="Core.QCFP_MTF.tests.test_safety.test_system_health" name="test_model_doubt_merged" time="0.001" /><testcase classname="Core.QCFP_MTF.tests.test_safety.test_system_health" name="test_dimensions_constant" time="0.001" /><testcase classname="Core.QCFP_MTF.tests.test_scripts.test_canonical_only" name="test_canonical_default_allowed" time="0.002" /><testcase classname="Core.QCFP_MTF.tests.test_scripts.test_canonical_only" name="test_legacy_requires_shadow_comparator" time="0.001" /><testcase classname="Core.QCFP_MTF.tests.test_scripts.test_canonical_only" name="test_unknown_engine_rejected" time="0.001" /><testcase classname="Core.QCFP_MTF.tests.test_scripts.test_merge_project_for_phase4_review_v4" name="test_changed_target_text_file_is_always_merged" time="0.154" /><testcase classname="Core.QCFP_MTF.tests.test_scripts.test_merge_project_for_phase4_review_v4" name="test_all_changed_target_files_have_review_sections" time="0.196" /><testcase classname="Core.QCFP_MTF.tests.test_scripts.test_merge_project_for_phase4_review_v4" name="test_missing_changed_target_file_blocks_acceptance" time="0.094" /><testcase classname="Core.QCFP_MTF.tests.test_scripts.test_merge_project_for_phase4_review_v4" name="test_changed_file_outside_target_does_not_pollute_bundle" time="0.127" /><testcase classname="Core.QCFP_MTF.tests.test_scripts.test_merge_project_for_phase4_review_v4" name="test_changed_binary_is_manifested_with_explicit_exclusion" time="0.094" /><testcase classname="Core.QCFP_MTF.tests.test_scripts.test_mtr_closure_scan" name="test_decision_engine_is_projection_only" time="0.003" /><testcase classname="Core.QCFP_MTF.tests.test_scripts.test_mtr_closure_scan" name="test_projection_preserves_ledger_decision" time="0.002" /><testcase classname="Core.QCFP_MTF.tests.test_scripts.test_mtr_closure_scan" name="test_projection_exit_preserved" time="0.002" /><testcase classname="Core.QCFP_MTF.tests.test_scripts.test_mtr_closure_scan" name="test_execution_ablation_canonical_only" time="0.003" /><testcase classname="Core.QCFP_MTF.tests.test_scripts.test_mtr_closure_scan" name="test_retired_module_not_importable_by_production" time="1.010" /><testcase classname="Core.QCFP_MTF.tests.test_scripts.test_mtr_closure_scan" name="test_score_calculator_file_absent" time="0.003" /><testcase classname="Core.QCFP_MTF.tests.test_scripts.test_mtr_pure_referee" name="test_judge_not_proven_without_artifacts" time="0.030" /><testcase classname="Core.QCFP_MTF.tests.test_scripts.test_mtr_pure_referee" name="test_judge_evaluates_artifacts" time="0.122" /><testcase classname="Core.QCFP_MTF.tests.test_scripts.test_mtr_pure_referee" name="test_q8_fails_when_replay_ineligible" time="0.001" /><testcase classname="Core.QCFP_MTF.tests.test_scripts.test_mtr_pure_referee" name="test_q8_fails_when_replay_mismatch" time="0.002" /><testcase classname="Core.QCFP_MTF.tests.test_scripts.test_mtr_pure_referee" name="test_q8_fails_when_replay_exception" time="0.002" /><testcase classname="Core.QCFP_MTF.tests.test_scripts.test_mtr_pure_referee" name="test_q8_fails_when_golden_corpus_changed" time="0.003" /><testcase classname="Core.QCFP_MTF.tests.test_scripts.test_mtr_pure_referee" name="test_generate_artifacts_writes_all" time="108.565" /><testcase classname="Core.QCFP_MTF.tests.test_scripts.test_mtr_pure_referee" name="test_generate_artifacts_fails_closed_without_baseline" time="1.273" /><testcase classname="Core.QCFP_MTF.tests.test_scripts.test_phase3_regression_runner" name="test_skipped_test_not_counted_as_pass" time="0.050" /><testcase classname="Core.QCFP_MTF.tests.test_scripts.test_phase3_regression_runner" name="test_skipped_attr_parsed_from_testsuite" time="0.032" /><testcase classname="Core.QCFP_MTF.tests.test_scripts.test_phase3_regression_runner" name="test_mixed_environment_and_assertion_is_fail" time="0.002" /><testcase classname="Core.QCFP_MTF.tests.test_scripts.test_phase3_regression_runner" name="test_pure_environment_failure_is_env_blocked" time="0.001" /><testcase classname="Core.QCFP_MTF.tests.test_scripts.test_phase3_regression_runner" name="test_testcase_classification_env_markers" time="0.001" /><testcase classname="Core.QCFP_MTF.tests.test_scripts.test_phase3_regression_runner" name="test_pass_suite_with_skip_is_incomplete" time="0.000" /><testcase classname="Core.QCFP_MTF.tests.test_scripts.test_runtime_evidence_runner" name="test_eod_reconciliation_from_ledger" time="0.001" /><testcase classname="Core.QCFP_MTF.tests.test_scripts.test_runtime_evidence_runner" name="test_calibration_from_ledger" time="0.001" /><testcase classname="Core.QCFP_MTF.tests.test_scripts.test_runtime_evidence_runner" name="test_closure_check_full_universe" time="0.000" /><testcase classname="Core.QCFP_MTF.tests.test_scripts.test_runtime_evidence_runner" name="test_closure_check_incomplete_when_terminal_missing" time="0.001" /><testcase classname="Core.QCFP_MTF.tests.test_scripts.test_runtime_evidence_runner" name="test_closure_check_duplicate_detected" time="0.000" /><testcase classname="Core.QCFP_MTF.tests.test_scripts.test_runtime_evidence_runner" name="test_runner_identity_hash" time="0.001" /><testcase classname="Core.QCFP_MTF.tests.test_scripts.test_runtime_evidence_runner" name="test_replay_evidence_status_mapping" time="0.000" /><testcase classname="Core.QCFP_MTF.tests.test_scripts.test_runtime_evidence_runner" name="test_daily_replay_real_date_passes" time="5.531" /><testcase classname="Core.QCFP_MTF.tests.test_scripts.test_runtime_schema_migration" name="test_expected_schema_parsed_from_sql" time="0.010" /><testcase classname="Core.QCFP_MTF.tests.test_scripts.test_runtime_schema_migration" name="test_migration_plan_and_verify" time="0.011" /><testcase classname="Core.QCFP_MTF.tests.test_scripts.test_runtime_schema_migration" name="test_key_columns_defined_for_all_runtime_tables" time="0.001" /><testcase classname="Core.QCFP_MTF.tests.test_scripts.test_shadow_universe" name="test_universe_symbols_union" time="0.001" /><testcase classname="Core.QCFP_MTF.tests.test_scripts.test_shadow_universe" name="test_build_coverage_gate" time="0.001" /><testcase classname="Core.QCFP_MTF.tests.test_scripts.test_shadow_universe" name="test_classify_terminal_state" time="0.001" /><testcase classname="Core.QCFP_MTF.tests.test_scripts.test_shadow_universe" name="test_run_universe_shadow_missing_evidence_abstains" time="0.003" /><testcase classname="Core.QCFP_MTF.tests.test_scripts.test_shadow_universe" name="test_run_universe_shadow_system_failure_halted" time="0.003" /><testcase classname="Core.QCFP_MTF.tests.test_scripts.test_shadow_universe" name="test_classify_safe_mode" time="0.001" /><testcase classname="Core.QCFP_MTF.tests.test_scripts.test_shadow_universe" name="test_horizon_and_compute_outcome" time="0.002" /><testcase classname="Core.QCFP_MTF.tests.test_settings" name="test_load_defaults" time="0.041" /><testcase classname="Core.QCFP_MTF.tests.test_settings" name="test_get_default" time="0.001" /><testcase classname="Core.QCFP_MTF.tests.test_settings" name="test_simple_yaml_parser" time="0.001" /><testcase classname="Core.QCFP_MTF.tests.test_settings" name="test_parser_matches_real_file" time="0.003" /><testcase classname="Core.QCFP_MTF.tests.test_stress.test_data_degradation" name="test_good_data" time="0.003" /><testcase classname="Core.QCFP_MTF.tests.test_stress.test_data_degradation" name="test_bad_data_blocks_new_entry" time="0.001" /><testcase classname="Core.QCFP_MTF.tests.test_stress.test_data_degradation" name="test_critical_errors_block" time="0.001" /><testcase classname="Core.QCFP_MTF.tests.test_stress.test_data_degradation" name="test_degraded_delay" time="0.001" /><testcase classname="Core.QCFP_MTF.tests.test_stress.test_joint_stress" name="test_no_failure_low" time="0.001" /><testcase classname="Core.QCFP_MTF.tests.test_stress.test_joint_stress" name="test_joint_failure_critical" time="0.001" /><testcase classname="Core.QCFP_MTF.tests.test_stress.test_joint_stress" name="test_partial_failure_high" time="0.001" /><testcase classname="Core.QCFP_MTF.tests.test_stress.test_joint_stress" name="test_joint_scenario_engine_18" time="0.001" /><testcase classname="Core.QCFP_MTF.tests.test_stress.test_scenario_engine" name="test_scenario_engine_runs_all" time="0.030" /><testcase classname="Core.QCFP_MTF.tests.test_stress.test_scenario_engine" name="test_scenario_verdict" time="0.029" /><testcase classname="Core.QCFP_MTF.tests.test_stress.test_scenario_engine" name="test_scenario_to_md" time="0.029" /><testcase classname="Core.QCFP_MTF.tests.test_stress.test_scenario_library" name="test_scenario_library_fixed" time="0.001" /><testcase classname="Core.QCFP_MTF.tests.test_stress.test_scenario_library" name="test_certification_scenario_set_fixed" time="0.001" /><testcase classname="Core.QCFP_MTF.tests.test_stress.test_scenario_library" name="test_scenario_library_version" time="0.001" /><testcase classname="Core.QCFP_MTF.tests.test_stress.test_stress_engine" name="test_market_shock" time="0.001" /><testcase classname="Core.QCFP_MTF.tests.test_stress.test_stress_engine" name="test_stress_scenarios_include_all" time="0.002" /><testcase classname="Core.QCFP_MTF.tests.test_stress.test_stress_engine" name="test_liquidity_stress_scenarios" time="0.001" /><testcase classname="Core.QCFP_MTF.tests.test_stress.test_stress_engine" name="test_tail_loss_and_budget" time="0.002" /><testcase classname="Core.QCFP_MTF.tests.test_stress.test_stress_engine" name="test_full_stress_report" time="0.002" /><testcase classname="Core.QCFP_MTF.tests.test_stress.test_stress_matrix" name="test_scenario_parameters" time="0.001" /><testcase classname="Core.QCFP_MTF.tests.test_stress.test_stress_matrix" name="test_stress_matrix_runs" time="0.021" /><testcase classname="Core.QCFP_MTF.tests.test_structural.test_chip_factors" name="test_direction_states" time="0.011" /><testcase classname="Core.QCFP_MTF.tests.test_structural.test_chip_factors" name="test_corporate_action_masked" time="0.010" /><testcase classname="Core.QCFP_MTF.tests.test_structural.test_chip_factors" name="test_confidence" time="0.008" /><testcase classname="Core.QCFP_MTF.tests.test_structural.test_chip_factors" name="test_period_end_format" time="0.006" /><testcase classname="Core.QCFP_MTF.tests.test_structural.test_divergence" name="test_top_and_bottom_divergence" time="0.019" /><testcase classname="Core.QCFP_MTF.tests.test_structural.test_divergence" name="test_nan_handling" time="0.009" /><testcase classname="Core.QCFP_MTF.tests.test_structural.test_engine_smoke" name="test_merged_for_00700" time="0.777" /><testcase classname="Core.QCFP_MTF.tests.test_structural.test_engine_smoke" name="test_engine_dry_run" time="1.233" /><testcase classname="Core.QCFP_MTF.tests.test_structural.test_flow_factors" name="test_flow_z_up" time="0.019" /><testcase classname="Core.QCFP_MTF.tests.test_structural.test_flow_factors" name="test_flow_unknown_when_missing" time="0.017" /><testcase classname="Core.QCFP_MTF.tests.test_structural.test_flow_factors" name="test_ifa_zscore_cross_sectional" time="0.018" /><testcase classname="Core.QCFP_MTF.tests.test_structural.test_flow_factors" name="test_quarter_and_period_end" time="0.015" /><testcase classname="Core.QCFP_MTF.tests.test_structural.test_price_factors" name="test_p_return_and_state" time="0.046" /><testcase classname="Core.QCFP_MTF.tests.test_structural.test_price_factors" name="test_52w_position" time="0.052" /><testcase classname="Core.QCFP_MTF.tests.test_structural.test_price_factors" name="test_trend_score_range" time="0.056" /><testcase classname="Core.QCFP_MTF.tests.test_structural.test_price_factors" name="test_negative_price_filtered" time="0.054" /><testcase classname="Core.QCFP_MTF.tests.test_structural.test_structural_regime" name="test_direct_mapping_all_states" time="0.001" /><testcase classname="Core.QCFP_MTF.tests.test_structural.test_structural_regime" name="test_all_transitions_equivalent_to_direct_map" time="0.001" /><testcase classname="Core.QCFP_MTF.tests.test_structural.test_structural_regime" name="test_f_missing_fallback" time="0.001" /><testcase classname="Core.QCFP_MTF.tests.test_structural.test_structural_regime" name="test_f_missing_undefined" time="0.001" /><testcase classname="Core.QCFP_MTF.tests.test_structural.test_structural_regime" name="test_unmapped_holds_prev" time="0.001" /><testcase classname="Core.QCFP_MTF.tests.test_structural.test_structural_regime" name="test_missing_factor_holds_prev" time="0.001" /><testcase classname="Core.QCFP_MTF.tests.test_structural.test_structural_regime" name="test_core_score_state_first" time="0.001" /><testcase classname="Core.QCFP_MTF.tests.test_structural.test_structural_regime" name="test_regime_direction" time="0.002" /><testcase classname="Core.QCFP_MTF.tests.test_structural.test_structural_regime" name="test_recovery_paths_off_by_default" time="0.002" /><testcase classname="Core.QCFP_MTF.tests.test_structural.test_structural_regime" name="test_recovery_paths_enabled" time="0.002" /><testcase classname="Core.QCFP_MTF.tests.test_tactical.test_daily_tactical" name="test_price_factors_and_breakout" time="0.037" /><testcase classname="Core.QCFP_MTF.tests.test_tactical.test_daily_tactical" name="test_flow_factors_pit" time="0.017" /><testcase classname="Core.QCFP_MTF.tests.test_tactical.test_daily_tactical" name="test_states_order" time="0.105" /><testcase classname="Core.QCFP_MTF.tests.test_tactical.test_engine_smoke" name="test_factors_for_00700" time="0.341" /><testcase classname="Core.QCFP_MTF.tests.test_tactical.test_engine_smoke" name="test_engine_dry_run" time="0.510" /><testcase classname="Core.QCFP_MTF.tests.test_tactical.test_engine_smoke" name="test_daily_engine_dry_run" time="1.150" /><testcase classname="Core.QCFP_MTF.tests.test_tactical.test_weekly_signal" name="test_breakout_three_confirm" time="0.040" /><testcase classname="Core.QCFP_MTF.tests.test_tactical.test_weekly_signal" name="test_breakout_requires_volume" time="0.052" /><testcase classname="Core.QCFP_MTF.tests.test_tactical.test_weekly_signal" name="test_breakdown" time="0.031" /><testcase classname="Core.QCFP_MTF.tests.test_tactical.test_weekly_signal" name="test_pullback" time="0.034" /><testcase classname="Core.QCFP_MTF.tests.test_tactical.test_weekly_signal" name="test_consolidation" time="0.031" /><testcase classname="Core.QCFP_MTF.tests.test_tactical.test_weekly_signal" name="test_slope_acceleration" time="0.023" /><testcase classname="Core.QCFP_MTF.tests.test_tactical.test_weekly_turnover" name="test_deviation_vs_quarter_avg" time="0.010" /><testcase classname="Core.QCFP_MTF.tests.test_tactical.test_weekly_turnover" name="test_spike_flag" time="0.008" /><testcase classname="Core.QCFP_MTF.tests.test_tactical.test_weekly_turnover" name="test_no_spike" time="0.010" /><testcase classname="Core.QCFP_MTF.tests.test_tactical.test_weekly_volume" name="test_breakout_flag" time="0.010" /><testcase classname="Core.QCFP_MTF.tests.test_tactical.test_weekly_volume" name="test_shrink_flag" time="0.010" /><testcase classname="Core.QCFP_MTF.tests.test_tactical.test_weekly_volume" name="test_window_insufficient_zero" time="0.011" /><testcase classname="Core.QCFP_MTF.tests.test_tactical.test_weekly_vwap" name="test_deviation_formula" time="0.008" /><testcase classname="Core.QCFP_MTF.tests.test_tactical.test_weekly_vwap" name="test_zero_volume_nan" time="0.010" /><testcase classname="Core.QCFP_MTF.tests.test_wave.test_aging" name="test_early_opportunity" time="0.004" /><testcase classname="Core.QCFP_MTF.tests.test_wave.test_aging" name="test_late_opportunity_blocks_full_entry" time="0.001" /><testcase classname="Core.QCFP_MTF.tests.test_wave.test_aging" name="test_mature_opportunity_scaled_entry" time="0.001" /><testcase classname="Core.QCFP_MTF.tests.test_wave.test_aging" name="test_expired_by_age" time="0.001" /><testcase classname="Core.QCFP_MTF.tests.test_wave.test_aging" name="test_opportunity_decay_62" time="0.002" /><testcase classname="Core.QCFP_MTF.tests.test_wave.test_asof_opportunity" name="test_asof_opportunity_no_future_fields" time="0.001" /><testcase classname="Core.QCFP_MTF.tests.test_wave.test_asof_opportunity" name="test_outcome_fields_blocked" time="0.001" /><testcase classname="Core.QCFP_MTF.tests.test_wave.test_asof_opportunity" name="test_outcome_label_future_aware" time="0.001" /><testcase classname="Core.QCFP_MTF.tests.test_wave.test_canonical_chain" name="test_active_full_entry" time="0.002" /><testcase classname="Core.QCFP_MTF.tests.test_wave.test_canonical_chain" name="test_discovey_blocked" time="0.002" /><testcase classname="Core.QCFP_MTF.tests.test_wave.test_canonical_chain" name="test_mature_scaled" time="0.002" /><testcase classname="Core.QCFP_MTF.tests.test_wave.test_canonical_chain" name="test_permission_blocks" time="0.001" /><testcase classname="Core.QCFP_MTF.tests.test_wave.test_opportunity_v2" name="test_opportunity_enhanced_fields" time="0.001" /><testcase classname="Core.QCFP_MTF.tests.test_wave.test_opportunity_v2" name="test_default_expiry" time="0.002" /><testcase classname="Core.QCFP_MTF.tests.test_wave.test_quality" name="test_early_strong_wave_beats_mature" time="0.001" /><testcase classname="Core.QCFP_MTF.tests.test_wave.test_quality" name="test_failure_risk_lowers_composite" time="0.001" /><testcase classname="Core.QCFP_MTF.tests.test_wave.test_stage_gate" name="test_stage_action_matrix_matches_spec" time="0.001" /><testcase classname="Core.QCFP_MTF.tests.test_wave.test_stage_gate" name="test_stage_gate_api" time="0.001" /><testcase classname="Core.QCFP_MTF.tests.test_wave.test_stage_output" name="test_stage_classification" time="0.001" /><testcase classname="Core.QCFP_MTF.tests.test_wave.test_stage_output" name="test_stage_output_fields" time="0.001" /><testcase classname="Core.QCFP_MTF.tests.test_wave.test_stage_output" name="test_stages_constant" time="0.002" /><testcase classname="Core.QCFP_MTF.tests.test_wave.test_wave_lifecycle" name="test_stage_sequence" time="0.002" /><testcase classname="Core.QCFP_MTF.tests.test_wave.test_wave_lifecycle" name="test_invalidation" time="0.002" /><testcase classname="Core.QCFP_MTF.tests.test_wave.test_wave_lifecycle" name="test_max_duration_exhausting" time="0.001" /><testcase classname="Core.QCFP_MTF.tests.test_wave.test_wave_lifecycle" name="test_decay_curve" time="0.001" /><testcase classname="Core.QCFP_MTF.tests.test_wave.test_wave_lifecycle" name="test_stages_constant" time="0.001" /><testcase classname="Core.QCFP_MTF.tests.test_wave.test_wave_taxonomy_split" name="test_production_lifecycle_only" time="0.001" /><testcase classname="Core.QCFP_MTF.tests.test_wave.test_wave_taxonomy_split" name="test_diagnostic_phase_research_only" time="0.001" /><testcase classname="Core.QCFP_MTF.tests.test_wave.test_wave_taxonomy_split" name="test_duplicate_taxonomy_detected" time="0.001" /></testsuite></testsuites>