<?xml version="1.0" encoding="utf-8"?><testsuites name="pytest tests"><testsuite name="pytest" errors="0" failures="0" skipped="0" tests="49" time="0.490" timestamp="2026-09-07T13:13:20.514664+08:00" hostname="LAPTOP-QJV0DPJ0"><testcase classname="Core.QCFP_MTF.tests.test_phase5.test_outcome_observer" name="test_exact_t_plus_one_resolution" time="0.006" /><testcase classname="Core.QCFP_MTF.tests.test_phase5.test_outcome_observer" name="test_exact_t_plus_3_5_10_20_resolution" time="0.001" /><testcase classname="Core.QCFP_MTF.tests.test_phase5.test_outcome_observer" name="test_same_day_is_never_a_horizon" time="0.000" /><testcase classname="Core.QCFP_MTF.tests.test_phase5.test_outcome_observer" name="test_non_session_as_of_fails_closed" time="0.001" /><testcase classname="Core.QCFP_MTF.tests.test_phase5.test_outcome_observer" name="test_horizon_beyond_calendar_never_shifts" time="0.000" /><testcase classname="Core.QCFP_MTF.tests.test_phase5.test_outcome_observer" name="test_eligibility_requires_session_availability" time="0.001" /><testcase classname="Core.QCFP_MTF.tests.test_phase5.test_outcome_observer" name="test_future_injected_rows_are_not_visible" time="0.001" /><testcase classname="Core.QCFP_MTF.tests.test_phase5.test_outcome_observer" name="test_future_injected_rows_do_not_affect_due_horizon" time="0.001" /><testcase classname="Core.QCFP_MTF.tests.test_phase5.test_outcome_observer" name="test_not_due_horizon_never_touches_data_boundary" time="0.001" /><testcase classname="Core.QCFP_MTF.tests.test_phase5.test_outcome_observer" name="test_observer_at_t3_sees_only_t1_and_t3" time="0.003" /><testcase classname="Core.QCFP_MTF.tests.test_phase5.test_outcome_observer" name="test_long_t_plus_1_metrics_hand_oracle" time="0.001" /><testcase classname="Core.QCFP_MTF.tests.test_phase5.test_outcome_observer" name="test_long_t_plus_3_metrics_hand_oracle" time="0.001" /><testcase classname="Core.QCFP_MTF.tests.test_phase5.test_outcome_observer" name="test_long_t_plus_5_metrics_hand_oracle" time="0.001" /><testcase classname="Core.QCFP_MTF.tests.test_phase5.test_outcome_observer" name="test_same_day_bars_are_excluded_from_path" time="0.001" /><testcase classname="Core.QCFP_MTF.tests.test_phase5.test_outcome_observer" name="test_short_metrics_via_explicit_policy" time="0.001" /><testcase classname="Core.QCFP_MTF.tests.test_phase5.test_outcome_observer" name="test_flat_semantics_record_raw_facts_without_direction" time="0.001" /><testcase classname="Core.QCFP_MTF.tests.test_phase5.test_outcome_observer" name="test_unknown_decision_semantic_fails_closed" time="0.000" /><testcase classname="Core.QCFP_MTF.tests.test_phase5.test_outcome_observer" name="test_suspension_never_shifts_horizon" time="0.001" /><testcase classname="Core.QCFP_MTF.tests.test_phase5.test_outcome_observer" name="test_no_forward_fill_or_carry_forward" time="0.001" /><testcase classname="Core.QCFP_MTF.tests.test_phase5.test_outcome_observer" name="test_missing_horizon_session_becomes_unavailable" time="0.001" /><testcase classname="Core.QCFP_MTF.tests.test_phase5.test_outcome_observer" name="test_missing_horizon_before_last_known_session_is_not_due" time="0.000" /><testcase classname="Core.QCFP_MTF.tests.test_phase5.test_outcome_observer" name="test_decision_hash_identical_before_and_after_observation" time="0.004" /><testcase classname="Core.QCFP_MTF.tests.test_phase5.test_outcome_observer" name="test_observer_never_mutates_decision_view" time="0.002" /><testcase classname="Core.QCFP_MTF.tests.test_phase5.test_outcome_observer" name="test_observation_writes_only_to_outcome_store" time="0.041" /><testcase classname="Core.QCFP_MTF.tests.test_phase5.test_outcome_observer" name="test_contract_frozen_statuses_never_use_aging_vocabulary" time="0.001" /><testcase classname="Core.QCFP_MTF.tests.test_phase5.test_outcome_observer" name="test_malformed_decision_identity_fails_closed" time="0.001" /><testcase classname="Core.QCFP_MTF.tests.test_phase5.test_outcome_observer" name="test_decision_hash_tamper_fails_closed" time="0.000" /><testcase classname="Core.QCFP_MTF.tests.test_phase5.test_outcome_observer" name="test_unknown_source_identity_fails_closed" time="0.000" /><testcase classname="Core.QCFP_MTF.tests.test_phase5.test_outcome_observer" name="test_unknown_price_basis_fails_closed" time="0.000" /><testcase classname="Core.QCFP_MTF.tests.test_phase5.test_outcome_observer" name="test_instrument_mismatch_fails_closed" time="0.002" /><testcase classname="Core.QCFP_MTF.tests.test_phase5.test_outcome_observer" name="test_price_basis_mismatch_fails_closed" time="0.001" /><testcase classname="Core.QCFP_MTF.tests.test_phase5.test_outcome_observer" name="test_matching_decision_reference_price_is_used" time="0.001" /><testcase classname="Core.QCFP_MTF.tests.test_phase5.test_outcome_observer" name="test_evaluate_is_deterministic" time="0.001" /><testcase classname="Core.QCFP_MTF.tests.test_phase5.test_outcome_observer" name="test_replay_match" time="0.020" /><testcase classname="Core.QCFP_MTF.tests.test_phase5.test_outcome_observer" name="test_replay_with_revised_snapshot_mismatches" time="0.019" /><testcase classname="Core.QCFP_MTF.tests.test_phase5.test_outcome_observer" name="test_mfe_mae_deterministic" time="0.001" /><testcase classname="Core.QCFP_MTF.tests.test_phase5.test_outcome_store" name="test_store_write_create_and_duplicate_identical" time="0.024" /><testcase classname="Core.QCFP_MTF.tests.test_phase5.test_outcome_store" name="test_store_duplicate_semantic_noop_when_timestamp_differs" time="0.022" /><testcase classname="Core.QCFP_MTF.tests.test_phase5.test_outcome_store" name="test_store_rejects_divergent_rewrite_of_same_identity" time="0.025" /><testcase classname="Core.QCFP_MTF.tests.test_phase5.test_outcome_store" name="test_data_revision_appends_new_observation_never_overwrites" time="0.026" /><testcase classname="Core.QCFP_MTF.tests.test_phase5.test_outcome_store" name="test_observation_id_binds_full_replay_identity" time="0.010" /><testcase classname="Core.QCFP_MTF.tests.test_phase5.test_outcome_store" name="test_unknown_field_rejected" time="0.007" /><testcase classname="Core.QCFP_MTF.tests.test_phase5.test_outcome_store" name="test_evidence_hash_tamper_rejected" time="0.009" /><testcase classname="Core.QCFP_MTF.tests.test_phase5.test_outcome_store" name="test_nan_rejected" time="0.008" /><testcase classname="Core.QCFP_MTF.tests.test_phase5.test_outcome_store" name="test_bad_timestamp_rejected" time="0.009" /><testcase classname="Core.QCFP_MTF.tests.test_phase5.test_outcome_store" name="test_contract_status_mapping" time="0.007" /><testcase classname="Core.QCFP_MTF.tests.test_phase5.test_outcome_store" name="test_store_refuses_canonical_storage_root" time="0.014" /><testcase classname="Core.QCFP_MTF.tests.test_phase5.test_outcome_store" name="test_store_missing_observation_fails_closed" time="0.010" /><testcase classname="Core.QCFP_MTF.tests.test_phase5.test_outcome_store" name="test_stored_file_is_deterministic_json" time="0.024" /></testsuite></testsuites>